  main.cpp
  mainwindow.cpp
D:\code\QtLearning\01HelloQT\main.cpp(1,1): warning C4828: 文件包含在偏移 0x3 处开始的字符，该字符在当前源字符集中无效(代码页 65001)。
D:\code\QtLearning\01HelloQT\main.cpp(1,1): warning C4828: 文件包含在偏移 0x4 处开始的字符，该字符在当前源字符集中无效(代码页 65001)。
D:\code\QtLearning\01HelloQT\main.cpp(1,1): warning C4828: 文件包含在偏移 0x6 处开始的字符，该字符在当前源字符集中无效(代码页 65001)。
D:\code\QtLearning\01HelloQT\main.cpp(1,1): warning C4828: 文件包含在偏移 0x8 处开始的字符，该字符在当前源字符集中无效(代码页 65001)。
D:\code\QtLearning\01HelloQT\main.cpp(1,1): warning C4828: 文件包含在偏移 0x9 处开始的字符，该字符在当前源字符集中无效(代码页 65001)。
D:\code\QtLearning\01HelloQT\main.cpp(1,1): warning C4828: 文件包含在偏移 0xa 处开始的字符，该字符在当前源字符集中无效(代码页 65001)。
D:\code\QtLearning\01HelloQT\main.cpp(1,1): warning C4828: 文件包含在偏移 0x11 处开始的字符，该字符在当前源字符集中无效(代码页 65001)。
D:\code\QtLearning\01HelloQT\main.cpp(1,1): warning C4828: 文件包含在偏移 0x12 处开始的字符，该字符在当前源字符集中无效(代码页 65001)。
D:\code\QtLearning\01HelloQT\main.cpp(1,1): warning C4828: 文件包含在偏移 0x13 处开始的字符，该字符在当前源字符集中无效(代码页 65001)。
D:\code\QtLearning\01HelloQT\main.cpp(1,1): warning C4828: 文件包含在偏移 0x17 处开始的字符，该字符在当前源字符集中无效(代码页 65001)。
D:\code\QtLearning\01HelloQT\main.cpp(1,1): warning C4828: 文件包含在偏移 0x18 处开始的字符，该字符在当前源字符集中无效(代码页 65001)。
D:\code\QtLearning\01HelloQT\main.cpp(1,1): warning C4828: 文件包含在偏移 0x1c 处开始的字符，该字符在当前源字符集中无效(代码页 65001)。
D:\code\QtLearning\01HelloQT\main.cpp(1,1): warning C4828: 文件包含在偏移 0x1e 处开始的字符，该字符在当前源字符集中无效(代码页 65001)。
D:\code\QtLearning\01HelloQT\main.cpp(1,1): warning C4828: 文件包含在偏移 0x21 处开始的字符，该字符在当前源字符集中无效(代码页 65001)。
D:\code\QtLearning\01HelloQT\main.cpp(1,1): warning C4828: 文件包含在偏移 0x23 处开始的字符，该字符在当前源字符集中无效(代码页 65001)。
D:\code\QtLearning\01HelloQT\main.cpp(1,1): warning C4828: 文件包含在偏移 0x25 处开始的字符，该字符在当前源字符集中无效(代码页 65001)。
D:\code\QtLearning\01HelloQT\main.cpp(1,1): warning C4828: 文件包含在偏移 0x26 处开始的字符，该字符在当前源字符集中无效(代码页 65001)。
D:\code\QtLearning\01HelloQT\main.cpp(1,1): warning C4828: 文件包含在偏移 0x2a 处开始的字符，该字符在当前源字符集中无效(代码页 65001)。
D:\code\QtLearning\01HelloQT\main.cpp(1,1): warning C4828: 文件包含在偏移 0x2c 处开始的字符，该字符在当前源字符集中无效(代码页 65001)。
D:\code\QtLearning\01HelloQT\main.cpp(1,1): warning C4828: 文件包含在偏移 0x2d 处开始的字符，该字符在当前源字符集中无效(代码页 65001)。
D:\code\QtLearning\01HelloQT\main.cpp(1,1): warning C4828: 文件包含在偏移 0x2f 处开始的字符，该字符在当前源字符集中无效(代码页 65001)。
D:\code\QtLearning\01HelloQT\main.cpp(1,1): warning C4828: 文件包含在偏移 0x30 处开始的字符，该字符在当前源字符集中无效(代码页 65001)。
D:\code\QtLearning\01HelloQT\main.cpp(1,1): warning C4828: 文件包含在偏移 0x31 处开始的字符，该字符在当前源字符集中无效(代码页 65001)。
D:\code\QtLearning\01HelloQT\main.cpp(1,1): warning C4828: 文件包含在偏移 0x32 处开始的字符，该字符在当前源字符集中无效(代码页 65001)。
D:\code\QtLearning\01HelloQT\main.cpp(1,1): warning C4828: 文件包含在偏移 0x33 处开始的字符，该字符在当前源字符集中无效(代码页 65001)。
D:\code\QtLearning\01HelloQT\main.cpp(1,1): warning C4828: 文件包含在偏移 0x35 处开始的字符，该字符在当前源字符集中无效(代码页 65001)。
D:\code\QtLearning\01HelloQT\main.cpp(1,1): warning C4828: 文件包含在偏移 0x37 处开始的字符，该字符在当前源字符集中无效(代码页 65001)。
D:\code\QtLearning\01HelloQT\main.cpp(1,1): warning C4828: 文件包含在偏移 0x38 处开始的字符，该字符在当前源字符集中无效(代码页 65001)。
D:\code\QtLearning\01HelloQT\main.cpp(1,1): warning C4828: 文件包含在偏移 0x3e 处开始的字符，该字符在当前源字符集中无效(代码页 65001)。
D:\code\QtLearning\01HelloQT\main.cpp(1,1): warning C4828: 文件包含在偏移 0x3f 处开始的字符，该字符在当前源字符集中无效(代码页 65001)。
D:\code\QtLearning\01HelloQT\main.cpp(1,1): warning C4828: 文件包含在偏移 0x41 处开始的字符，该字符在当前源字符集中无效(代码页 65001)。
D:\code\QtLearning\01HelloQT\main.cpp(1,1): warning C4828: 文件包含在偏移 0x42 处开始的字符，该字符在当前源字符集中无效(代码页 65001)。
D:\code\QtLearning\01HelloQT\main.cpp(1,1): warning C4828: 文件包含在偏移 0x43 处开始的字符，该字符在当前源字符集中无效(代码页 65001)。
D:\code\QtLearning\01HelloQT\main.cpp(1,1): warning C4828: 文件包含在偏移 0x44 处开始的字符，该字符在当前源字符集中无效(代码页 65001)。
D:\code\QtLearning\01HelloQT\main.cpp(1,1): warning C4828: 文件包含在偏移 0x45 处开始的字符，该字符在当前源字符集中无效(代码页 65001)。
D:\code\QtLearning\01HelloQT\main.cpp(1,1): warning C4828: 文件包含在偏移 0x4a 处开始的字符，该字符在当前源字符集中无效(代码页 65001)。
D:\code\QtLearning\01HelloQT\main.cpp(1,1): warning C4828: 文件包含在偏移 0x4c 处开始的字符，该字符在当前源字符集中无效(代码页 65001)。
D:\code\QtLearning\01HelloQT\main.cpp(1,1): warning C4828: 文件包含在偏移 0x4f 处开始的字符，该字符在当前源字符集中无效(代码页 65001)。
D:\code\QtLearning\01HelloQT\main.cpp(1,1): warning C4828: 文件包含在偏移 0x50 处开始的字符，该字符在当前源字符集中无效(代码页 65001)。
D:\code\QtLearning\01HelloQT\main.cpp(1,1): warning C4828: 文件包含在偏移 0x51 处开始的字符，该字符在当前源字符集中无效(代码页 65001)。
D:\code\QtLearning\01HelloQT\main.cpp(1,1): warning C4828: 文件包含在偏移 0xbb 处开始的字符，该字符在当前源字符集中无效(代码页 65001)。
D:\code\QtLearning\01HelloQT\main.cpp(1,1): warning C4828: 文件包含在偏移 0xbc 处开始的字符，该字符在当前源字符集中无效(代码页 65001)。
D:\code\QtLearning\01HelloQT\main.cpp(1,1): warning C4828: 文件包含在偏移 0xbd 处开始的字符，该字符在当前源字符集中无效(代码页 65001)。
D:\code\QtLearning\01HelloQT\main.cpp(1,1): warning C4828: 文件包含在偏移 0xbf 处开始的字符，该字符在当前源字符集中无效(代码页 65001)。
D:\code\QtLearning\01HelloQT\main.cpp(1,1): warning C4828: 文件包含在偏移 0xc0 处开始的字符，该字符在当前源字符集中无效(代码页 65001)。
D:\code\QtLearning\01HelloQT\main.cpp(1,1): warning C4828: 文件包含在偏移 0xc1 处开始的字符，该字符在当前源字符集中无效(代码页 65001)。
D:\code\QtLearning\01HelloQT\main.cpp(1,1): warning C4828: 文件包含在偏移 0xc3 处开始的字符，该字符在当前源字符集中无效(代码页 65001)。
D:\code\QtLearning\01HelloQT\main.cpp(1,1): warning C4828: 文件包含在偏移 0xc4 处开始的字符，该字符在当前源字符集中无效(代码页 65001)。
D:\code\QtLearning\01HelloQT\main.cpp(1,1): warning C4828: 文件包含在偏移 0xc5 处开始的字符，该字符在当前源字符集中无效(代码页 65001)。
D:\code\QtLearning\01HelloQT\main.cpp(1,1): warning C4828: 文件包含在偏移 0xc6 处开始的字符，该字符在当前源字符集中无效(代码页 65001)。
D:\code\QtLearning\01HelloQT\main.cpp(1,1): warning C4828: 文件包含在偏移 0xc7 处开始的字符，该字符在当前源字符集中无效(代码页 65001)。
D:\code\QtLearning\01HelloQT\main.cpp(1,1): warning C4828: 文件包含在偏移 0xcb 处开始的字符，该字符在当前源字符集中无效(代码页 65001)。
D:\code\QtLearning\01HelloQT\main.cpp(1,1): warning C4828: 文件包含在偏移 0xcc 处开始的字符，该字符在当前源字符集中无效(代码页 65001)。
D:\code\QtLearning\01HelloQT\main.cpp(1,1): warning C4828: 文件包含在偏移 0xcd 处开始的字符，该字符在当前源字符集中无效(代码页 65001)。
D:\code\QtLearning\01HelloQT\main.cpp(1,1): warning C4828: 文件包含在偏移 0xce 处开始的字符，该字符在当前源字符集中无效(代码页 65001)。
D:\code\QtLearning\01HelloQT\main.cpp(1,1): warning C4828: 文件包含在偏移 0xd2 处开始的字符，该字符在当前源字符集中无效(代码页 65001)。
D:\code\QtLearning\01HelloQT\main.cpp(1,1): warning C4828: 文件包含在偏移 0xd3 处开始的字符，该字符在当前源字符集中无效(代码页 65001)。
D:\code\QtLearning\01HelloQT\main.cpp(1,1): warning C4828: 文件包含在偏移 0xd4 处开始的字符，该字符在当前源字符集中无效(代码页 65001)。
D:\code\QtLearning\01HelloQT\main.cpp(1,1): warning C4828: 文件包含在偏移 0xd5 处开始的字符，该字符在当前源字符集中无效(代码页 65001)。
D:\code\QtLearning\01HelloQT\main.cpp(1,1): warning C4828: 文件包含在偏移 0xdd 处开始的字符，该字符在当前源字符集中无效(代码页 65001)。
D:\code\QtLearning\01HelloQT\main.cpp(1,1): warning C4828: 文件包含在偏移 0xde 处开始的字符，该字符在当前源字符集中无效(代码页 65001)。
D:\code\QtLearning\01HelloQT\main.cpp(1,1): warning C4828: 文件包含在偏移 0xe0 处开始的字符，该字符在当前源字符集中无效(代码页 65001)。
D:\code\QtLearning\01HelloQT\main.cpp(1,1): warning C4828: 文件包含在偏移 0xe1 处开始的字符，该字符在当前源字符集中无效(代码页 65001)。
D:\code\QtLearning\01HelloQT\main.cpp(1,1): warning C4828: 文件包含在偏移 0xe3 处开始的字符，该字符在当前源字符集中无效(代码页 65001)。
D:\code\QtLearning\01HelloQT\main.cpp(1,1): warning C4828: 文件包含在偏移 0xe4 处开始的字符，该字符在当前源字符集中无效(代码页 65001)。
D:\code\QtLearning\01HelloQT\main.cpp(1,1): warning C4828: 文件包含在偏移 0xe5 处开始的字符，该字符在当前源字符集中无效(代码页 65001)。
D:\code\QtLearning\01HelloQT\main.cpp(1,1): warning C4828: 文件包含在偏移 0xe6 处开始的字符，该字符在当前源字符集中无效(代码页 65001)。
D:\code\QtLearning\01HelloQT\main.cpp(1,1): warning C4828: 文件包含在偏移 0xe8 处开始的字符，该字符在当前源字符集中无效(代码页 65001)。
D:\code\QtLearning\01HelloQT\main.cpp(1,1): warning C4828: 文件包含在偏移 0xeb 处开始的字符，该字符在当前源字符集中无效(代码页 65001)。
D:\code\QtLearning\01HelloQT\main.cpp(1,1): warning C4828: 文件包含在偏移 0xed 处开始的字符，该字符在当前源字符集中无效(代码页 65001)。
D:\code\QtLearning\01HelloQT\main.cpp(1,1): warning C4828: 文件包含在偏移 0xee 处开始的字符，该字符在当前源字符集中无效(代码页 65001)。
D:\code\QtLearning\01HelloQT\main.cpp(1,1): warning C4828: 文件包含在偏移 0xf1 处开始的字符，该字符在当前源字符集中无效(代码页 65001)。
D:\code\QtLearning\01HelloQT\main.cpp(1,1): warning C4828: 文件包含在偏移 0xf2 处开始的字符，该字符在当前源字符集中无效(代码页 65001)。
D:\code\QtLearning\01HelloQT\main.cpp(1,1): warning C4828: 文件包含在偏移 0xf4 处开始的字符，该字符在当前源字符集中无效(代码页 65001)。
D:\code\QtLearning\01HelloQT\main.cpp(1,1): warning C4828: 文件包含在偏移 0x1a8 处开始的字符，该字符在当前源字符集中无效(代码页 65001)。
D:\code\QtLearning\01HelloQT\main.cpp(1,1): warning C4828: 文件包含在偏移 0x1a9 处开始的字符，该字符在当前源字符集中无效(代码页 65001)。
D:\code\QtLearning\01HelloQT\main.cpp(1,1): warning C4828: 文件包含在偏移 0x1ab 处开始的字符，该字符在当前源字符集中无效(代码页 65001)。
D:\code\QtLearning\01HelloQT\main.cpp(1,1): warning C4828: 文件包含在偏移 0x1b0 处开始的字符，该字符在当前源字符集中无效(代码页 65001)。
D:\code\QtLearning\01HelloQT\main.cpp(1,1): warning C4828: 文件包含在偏移 0x1b1 处开始的字符，该字符在当前源字符集中无效(代码页 65001)。
D:\code\QtLearning\01HelloQT\main.cpp(1,1): warning C4828: 文件包含在偏移 0x1b2 处开始的字符，该字符在当前源字符集中无效(代码页 65001)。
D:\code\QtLearning\01HelloQT\main.cpp(1,1): warning C4828: 文件包含在偏移 0x1b3 处开始的字符，该字符在当前源字符集中无效(代码页 65001)。
D:\code\QtLearning\01HelloQT\main.cpp(1,1): warning C4828: 文件包含在偏移 0x1b4 处开始的字符，该字符在当前源字符集中无效(代码页 65001)。
D:\code\QtLearning\01HelloQT\main.cpp(1,1): warning C4828: 文件包含在偏移 0x1b5 处开始的字符，该字符在当前源字符集中无效(代码页 65001)。
D:\code\QtLearning\01HelloQT\main.cpp(1,1): warning C4828: 文件包含在偏移 0x1b7 处开始的字符，该字符在当前源字符集中无效(代码页 65001)。
D:\code\QtLearning\01HelloQT\main.cpp(1,1): warning C4828: 文件包含在偏移 0x1b9 处开始的字符，该字符在当前源字符集中无效(代码页 65001)。
D:\code\QtLearning\01HelloQT\main.cpp(1,1): warning C4828: 文件包含在偏移 0x1bb 处开始的字符，该字符在当前源字符集中无效(代码页 65001)。
D:\code\QtLearning\01HelloQT\main.cpp(1,1): warning C4828: 文件包含在偏移 0x1bf 处开始的字符，该字符在当前源字符集中无效(代码页 65001)。
D:\code\QtLearning\01HelloQT\main.cpp(1,1): warning C4828: 文件包含在偏移 0x1c9 处开始的字符，该字符在当前源字符集中无效(代码页 65001)。
D:\code\QtLearning\01HelloQT\main.cpp(1,1): warning C4828: 文件包含在偏移 0x1cb 处开始的字符，该字符在当前源字符集中无效(代码页 65001)。
D:\code\QtLearning\01HelloQT\main.cpp(1,1): warning C4828: 文件包含在偏移 0x1cc 处开始的字符，该字符在当前源字符集中无效(代码页 65001)。
D:\code\QtLearning\01HelloQT\main.cpp(1,1): warning C4828: 文件包含在偏移 0x1cd 处开始的字符，该字符在当前源字符集中无效(代码页 65001)。
D:\code\QtLearning\01HelloQT\main.cpp(1,1): warning C4828: 文件包含在偏移 0x1cf 处开始的字符，该字符在当前源字符集中无效(代码页 65001)。
D:\code\QtLearning\01HelloQT\main.cpp(1,1): warning C4828: 文件包含在偏移 0x1d1 处开始的字符，该字符在当前源字符集中无效(代码页 65001)。
D:\code\QtLearning\01HelloQT\main.cpp(1,1): warning C4828: 文件包含在偏移 0x1d3 处开始的字符，该字符在当前源字符集中无效(代码页 65001)。
D:\code\QtLearning\01HelloQT\main.cpp(1,1): warning C4828: 文件包含在偏移 0x1d4 处开始的字符，该字符在当前源字符集中无效(代码页 65001)。
D:\code\QtLearning\01HelloQT\main.cpp(1,1): warning C4828: 文件包含在偏移 0x1d7 处开始的字符，该字符在当前源字符集中无效(代码页 65001)。
D:\code\QtLearning\01HelloQT\main.cpp(1,1): warning C4828: 文件包含在偏移 0x1d8 处开始的字符，该字符在当前源字符集中无效(代码页 65001)。
D:\code\QtLearning\01HelloQT\main.cpp(1,1): warning C4828: 文件包含在偏移 0x1dc 处开始的字符，该字符在当前源字符集中无效(代码页 65001)。
D:\code\QtLearning\01HelloQT\main.cpp(1,1): warning C4828: 文件包含在偏移 0x1de 处开始的字符，该字符在当前源字符集中无效(代码页 65001)。
D:\code\QtLearning\01HelloQT\main.cpp(1,1): warning C4828: 文件包含在偏移 0x1df 处开始的字符，该字符在当前源字符集中无效(代码页 65001)。
D:\code\QtLearning\01HelloQT\main.cpp(1,1): warning C4828: 文件包含在偏移 0x1e1 处开始的字符，该字符在当前源字符集中无效(代码页 65001)。
D:\code\QtLearning\01HelloQT\main.cpp(1,1): warning C4828: 文件包含在偏移 0x1e3 处开始的字符，该字符在当前源字符集中无效(代码页 65001)。
D:\code\QtLearning\01HelloQT\main.cpp(1,1): warning C4828: 文件包含在偏移 0x1e4 处开始的字符，该字符在当前源字符集中无效(代码页 65001)。
D:\code\QtLearning\01HelloQT\main.cpp(1,1): warning C4828: 文件包含在偏移 0x1e5 处开始的字符，该字符在当前源字符集中无效(代码页 65001)。
D:\code\QtLearning\01HelloQT\main.cpp(1,1): warning C4828: 文件包含在偏移 0x1e8 处开始的字符，该字符在当前源字符集中无效(代码页 65001)。
D:\code\QtLearning\01HelloQT\main.cpp(1,1): warning C4828: 文件包含在偏移 0x1e9 处开始的字符，该字符在当前源字符集中无效(代码页 65001)。
D:\code\QtLearning\01HelloQT\main.cpp(1,1): warning C4828: 文件包含在偏移 0x1ea 处开始的字符，该字符在当前源字符集中无效(代码页 65001)。
D:\code\QtLearning\01HelloQT\main.cpp(1,1): warning C4828: 文件包含在偏移 0x1ec 处开始的字符，该字符在当前源字符集中无效(代码页 65001)。
D:\code\QtLearning\01HelloQT\main.cpp(1,1): warning C4828: 文件包含在偏移 0x1ef 处开始的字符，该字符在当前源字符集中无效(代码页 65001)。
D:\code\QtLearning\01HelloQT\main.cpp(1,1): warning C4828: 文件包含在偏移 0x1f0 处开始的字符，该字符在当前源字符集中无效(代码页 65001)。
D:\code\QtLearning\01HelloQT\main.cpp(1,1): warning C4828: 文件包含在偏移 0x1f1 处开始的字符，该字符在当前源字符集中无效(代码页 65001)。
D:\code\QtLearning\01HelloQT\main.cpp(1,1): warning C4828: 文件包含在偏移 0x1f4 处开始的字符，该字符在当前源字符集中无效(代码页 65001)。
D:\code\QtLearning\01HelloQT\main.cpp(1,1): warning C4828: 文件包含在偏移 0x1f5 处开始的字符，该字符在当前源字符集中无效(代码页 65001)。
D:\code\QtLearning\01HelloQT\main.cpp(1,1): warning C4828: 文件包含在偏移 0x1f6 处开始的字符，该字符在当前源字符集中无效(代码页 65001)。
D:\code\QtLearning\01HelloQT\main.cpp(1,1): warning C4828: 文件包含在偏移 0x1f7 处开始的字符，该字符在当前源字符集中无效(代码页 65001)。
D:\code\QtLearning\01HelloQT\main.cpp(1,1): warning C4828: 文件包含在偏移 0x1f8 处开始的字符，该字符在当前源字符集中无效(代码页 65001)。
D:\code\QtLearning\01HelloQT\main.cpp(1,1): warning C4828: 文件包含在偏移 0x1fa 处开始的字符，该字符在当前源字符集中无效(代码页 65001)。
D:\code\QtLearning\01HelloQT\main.cpp(1,1): warning C4828: 文件包含在偏移 0x1fd 处开始的字符，该字符在当前源字符集中无效(代码页 65001)。
D:\code\QtLearning\01HelloQT\main.cpp(1,1): warning C4828: 文件包含在偏移 0x1ff 处开始的字符，该字符在当前源字符集中无效(代码页 65001)。
D:\code\QtLearning\01HelloQT\main.cpp(1,1): warning C4828: 文件包含在偏移 0x21e 处开始的字符，该字符在当前源字符集中无效(代码页 65001)。
D:\code\QtLearning\01HelloQT\main.cpp(1,1): warning C4828: 文件包含在偏移 0x21f 处开始的字符，该字符在当前源字符集中无效(代码页 65001)。
D:\code\QtLearning\01HelloQT\main.cpp(1,1): warning C4828: 文件包含在偏移 0x221 处开始的字符，该字符在当前源字符集中无效(代码页 65001)。
D:\code\QtLearning\01HelloQT\main.cpp(1,1): warning C4828: 文件包含在偏移 0x225 处开始的字符，该字符在当前源字符集中无效(代码页 65001)。
D:\code\QtLearning\01HelloQT\main.cpp(1,1): warning C4828: 文件包含在偏移 0x228 处开始的字符，该字符在当前源字符集中无效(代码页 65001)。
D:\code\QtLearning\01HelloQT\main.cpp(1,1): warning C4828: 文件包含在偏移 0x229 处开始的字符，该字符在当前源字符集中无效(代码页 65001)。
D:\code\QtLearning\01HelloQT\main.cpp(1,1): warning C4828: 文件包含在偏移 0x22c 处开始的字符，该字符在当前源字符集中无效(代码页 65001)。
D:\code\QtLearning\01HelloQT\main.cpp(1,1): warning C4828: 文件包含在偏移 0x22d 处开始的字符，该字符在当前源字符集中无效(代码页 65001)。
D:\code\QtLearning\01HelloQT\main.cpp(1,1): warning C4828: 文件包含在偏移 0x232 处开始的字符，该字符在当前源字符集中无效(代码页 65001)。
D:\code\QtLearning\01HelloQT\main.cpp(1,1): warning C4828: 文件包含在偏移 0x233 处开始的字符，该字符在当前源字符集中无效(代码页 65001)。
D:\code\QtLearning\01HelloQT\main.cpp(1,1): warning C4828: 文件包含在偏移 0x234 处开始的字符，该字符在当前源字符集中无效(代码页 65001)。
D:\code\QtLearning\01HelloQT\main.cpp(1,1): warning C4828: 文件包含在偏移 0x236 处开始的字符，该字符在当前源字符集中无效(代码页 65001)。
D:\code\QtLearning\01HelloQT\main.cpp(1,1): warning C4828: 文件包含在偏移 0x23a 处开始的字符，该字符在当前源字符集中无效(代码页 65001)。
D:\code\QtLearning\01HelloQT\main.cpp(1,1): warning C4828: 文件包含在偏移 0x23c 处开始的字符，该字符在当前源字符集中无效(代码页 65001)。
D:\code\QtLearning\01HelloQT\main.cpp(1,1): warning C4828: 文件包含在偏移 0x23f 处开始的字符，该字符在当前源字符集中无效(代码页 65001)。
D:\code\QtLearning\01HelloQT\main.cpp(1,1): warning C4828: 文件包含在偏移 0x244 处开始的字符，该字符在当前源字符集中无效(代码页 65001)。
D:\code\QtLearning\01HelloQT\main.cpp(1,1): warning C4828: 文件包含在偏移 0x245 处开始的字符，该字符在当前源字符集中无效(代码页 65001)。
D:\code\QtLearning\01HelloQT\main.cpp(1,1): warning C4828: 文件包含在偏移 0x246 处开始的字符，该字符在当前源字符集中无效(代码页 65001)。
D:\code\QtLearning\01HelloQT\main.cpp(1,1): warning C4828: 文件包含在偏移 0x247 处开始的字符，该字符在当前源字符集中无效(代码页 65001)。
D:\code\QtLearning\01HelloQT\main.cpp(1,1): warning C4828: 文件包含在偏移 0x249 处开始的字符，该字符在当前源字符集中无效(代码页 65001)。
D:\code\QtLearning\01HelloQT\main.cpp(1,1): warning C4828: 文件包含在偏移 0x24f 处开始的字符，该字符在当前源字符集中无效(代码页 65001)。
D:\code\QtLearning\01HelloQT\main.cpp(1,1): warning C4828: 文件包含在偏移 0x253 处开始的字符，该字符在当前源字符集中无效(代码页 65001)。
D:\code\QtLearning\01HelloQT\main.cpp(1,1): warning C4828: 文件包含在偏移 0x254 处开始的字符，该字符在当前源字符集中无效(代码页 65001)。
D:\code\QtLearning\01HelloQT\main.cpp(1,1): warning C4828: 文件包含在偏移 0x257 处开始的字符，该字符在当前源字符集中无效(代码页 65001)。
D:\code\QtLearning\01HelloQT\main.cpp(1,1): warning C4828: 文件包含在偏移 0x258 处开始的字符，该字符在当前源字符集中无效(代码页 65001)。
  01HelloQT.vcxproj -> D:\code\QtLearning\01HelloQT\debug\01HelloQT.exe
