  Generate moc_predefs.h
  finddialog.cpp
  main.cpp
  mainwindow.cpp
D:\code\QtLearning\04BuidDialog\finddialog.cpp(1,1): warning C4828: 文件包含在偏移 0xa1 处开始的字符，该字符在当前源字符集中无效(代码页 65001)。
D:\code\QtLearning\04BuidDialog\finddialog.cpp(1,1): warning C4828: 文件包含在偏移 0xa2 处开始的字符，该字符在当前源字符集中无效(代码页 65001)。
D:\code\QtLearning\04BuidDialog\finddialog.h(1,1): warning C4828: 文件包含在偏移 0x98 处开始的字符，该字符在当前源字符集中无效(代码页 65001)。 (编译源文件 main.cpp)
D:\code\QtLearning\04BuidDialog\finddialog.cpp(1,1): warning C4828: 文件包含在偏移 0xa9 处开始的字符，该字符在当前源字符集中无效(代码页 65001)。
D:\code\QtLearning\04BuidDialog\finddialog.h(1,1): warning C4828: 文件包含在偏移 0x99 处开始的字符，该字符在当前源字符集中无效(代码页 65001)。 (编译源文件 main.cpp)
D:\code\QtLearning\04BuidDialog\finddialog.cpp(1,1): warning C4828: 文件包含在偏移 0xaa 处开始的字符，该字符在当前源字符集中无效(代码页 65001)。
D:\code\QtLearning\04BuidDialog\finddialog.h(1,1): warning C4828: 文件包含在偏移 0x9b 处开始的字符，该字符在当前源字符集中无效(代码页 65001)。 (编译源文件 main.cpp)
D:\code\QtLearning\04BuidDialog\finddialog.cpp(1,1): warning C4828: 文件包含在偏移 0xac 处开始的字符，该字符在当前源字符集中无效(代码页 65001)。
D:\code\QtLearning\04BuidDialog\finddialog.h(1,1): warning C4828: 文件包含在偏移 0x9d 处开始的字符，该字符在当前源字符集中无效(代码页 65001)。 (编译源文件 main.cpp)
D:\code\QtLearning\04BuidDialog\finddialog.cpp(1,1): warning C4828: 文件包含在偏移 0xad 处开始的字符，该字符在当前源字符集中无效(代码页 65001)。
D:\code\QtLearning\04BuidDialog\finddialog.h(1,1): warning C4828: 文件包含在偏移 0x9e 处开始的字符，该字符在当前源字符集中无效(代码页 65001)。 (编译源文件 main.cpp)
D:\code\QtLearning\04BuidDialog\finddialog.cpp(1,1): warning C4828: 文件包含在偏移 0xae 处开始的字符，该字符在当前源字符集中无效(代码页 65001)。
D:\code\QtLearning\04BuidDialog\finddialog.h(1,1): warning C4828: 文件包含在偏移 0xa0 处开始的字符，该字符在当前源字符集中无效(代码页 65001)。 (编译源文件 main.cpp)
D:\code\QtLearning\04BuidDialog\finddialog.cpp(1,1): warning C4828: 文件包含在偏移 0xaf 处开始的字符，该字符在当前源字符集中无效(代码页 65001)。
D:\code\QtLearning\04BuidDialog\finddialog.h(1,1): warning C4828: 文件包含在偏移 0xa1 处开始的字符，该字符在当前源字符集中无效(代码页 65001)。 (编译源文件 main.cpp)
D:\code\QtLearning\04BuidDialog\finddialog.cpp(1,1): warning C4828: 文件包含在偏移 0xb2 处开始的字符，该字符在当前源字符集中无效(代码页 65001)。
D:\code\QtLearning\04BuidDialog\finddialog.h(1,1): warning C4828: 文件包含在偏移 0xa2 处开始的字符，该字符在当前源字符集中无效(代码页 65001)。 (编译源文件 main.cpp)
D:\code\QtLearning\04BuidDialog\finddialog.cpp(1,1): warning C4828: 文件包含在偏移 0xb3 处开始的字符，该字符在当前源字符集中无效(代码页 65001)。
D:\code\QtLearning\04BuidDialog\finddialog.h(1,1): warning C4828: 文件包含在偏移 0xa4 处开始的字符，该字符在当前源字符集中无效(代码页 65001)。 (编译源文件 main.cpp)
D:\code\QtLearning\04BuidDialog\finddialog.cpp(1,1): warning C4828: 文件包含在偏移 0xb4 处开始的字符，该字符在当前源字符集中无效(代码页 65001)。
D:\code\QtLearning\04BuidDialog\finddialog.h(1,1): warning C4828: 文件包含在偏移 0xa5 处开始的字符，该字符在当前源字符集中无效(代码页 65001)。 (编译源文件 main.cpp)
D:\code\QtLearning\04BuidDialog\finddialog.h(1,1): warning C4828: 文件包含在偏移 0xaf 处开始的字符，该字符在当前源字符集中无效(代码页 65001)。 (编译源文件 main.cpp)
D:\code\QtLearning\04BuidDialog\finddialog.cpp(1,1): warning C4828: 文件包含在偏移 0xb5 处开始的字符，该字符在当前源字符集中无效(代码页 65001)。
D:\code\QtLearning\04BuidDialog\finddialog.h(1,1): warning C4828: 文件包含在偏移 0xb4 处开始的字符，该字符在当前源字符集中无效(代码页 65001)。 (编译源文件 main.cpp)
D:\code\QtLearning\04BuidDialog\finddialog.cpp(1,1): warning C4828: 文件包含在偏移 0xb6 处开始的字符，该字符在当前源字符集中无效(代码页 65001)。
D:\code\QtLearning\04BuidDialog\finddialog.h(1,1): warning C4828: 文件包含在偏移 0xb6 处开始的字符，该字符在当前源字符集中无效(代码页 65001)。 (编译源文件 main.cpp)
D:\code\QtLearning\04BuidDialog\finddialog.cpp(1,1): warning C4828: 文件包含在偏移 0xb9 处开始的字符，该字符在当前源字符集中无效(代码页 65001)。
D:\code\QtLearning\04BuidDialog\finddialog.h(1,1): warning C4828: 文件包含在偏移 0xba 处开始的字符，该字符在当前源字符集中无效(代码页 65001)。 (编译源文件 main.cpp)
D:\code\QtLearning\04BuidDialog\finddialog.cpp(1,1): warning C4828: 文件包含在偏移 0xba 处开始的字符，该字符在当前源字符集中无效(代码页 65001)。
D:\code\QtLearning\04BuidDialog\finddialog.h(1,1): warning C4828: 文件包含在偏移 0xbc 处开始的字符，该字符在当前源字符集中无效(代码页 65001)。 (编译源文件 main.cpp)
D:\code\QtLearning\04BuidDialog\finddialog.cpp(1,1): warning C4828: 文件包含在偏移 0xbb 处开始的字符，该字符在当前源字符集中无效(代码页 65001)。
D:\code\QtLearning\04BuidDialog\finddialog.h(1,1): warning C4828: 文件包含在偏移 0xbd 处开始的字符，该字符在当前源字符集中无效(代码页 65001)。 (编译源文件 main.cpp)
D:\code\QtLearning\04BuidDialog\finddialog.cpp(1,1): warning C4828: 文件包含在偏移 0xbd 处开始的字符，该字符在当前源字符集中无效(代码页 65001)。
D:\code\QtLearning\04BuidDialog\finddialog.h(1,1): warning C4828: 文件包含在偏移 0xc0 处开始的字符，该字符在当前源字符集中无效(代码页 65001)。 (编译源文件 main.cpp)
D:\code\QtLearning\04BuidDialog\finddialog.cpp(1,1): warning C4828: 文件包含在偏移 0xbe 处开始的字符，该字符在当前源字符集中无效(代码页 65001)。
D:\code\QtLearning\04BuidDialog\finddialog.h(1,1): warning C4828: 文件包含在偏移 0xc1 处开始的字符，该字符在当前源字符集中无效(代码页 65001)。 (编译源文件 main.cpp)
D:\code\QtLearning\04BuidDialog\finddialog.cpp(1,1): warning C4828: 文件包含在偏移 0xbf 处开始的字符，该字符在当前源字符集中无效(代码页 65001)。
D:\code\QtLearning\04BuidDialog\finddialog.h(1,1): warning C4828: 文件包含在偏移 0xc2 处开始的字符，该字符在当前源字符集中无效(代码页 65001)。 (编译源文件 main.cpp)
D:\code\QtLearning\04BuidDialog\finddialog.cpp(1,1): warning C4828: 文件包含在偏移 0x108 处开始的字符，该字符在当前源字符集中无效(代码页 65001)。
D:\code\QtLearning\04BuidDialog\finddialog.h(1,1): warning C4828: 文件包含在偏移 0xc3 处开始的字符，该字符在当前源字符集中无效(代码页 65001)。 (编译源文件 main.cpp)
D:\code\QtLearning\04BuidDialog\finddialog.cpp(1,1): warning C4828: 文件包含在偏移 0x109 处开始的字符，该字符在当前源字符集中无效(代码页 65001)。
D:\code\QtLearning\04BuidDialog\finddialog.h(1,1): warning C4828: 文件包含在偏移 0xcc 处开始的字符，该字符在当前源字符集中无效(代码页 65001)。 (编译源文件 main.cpp)
D:\code\QtLearning\04BuidDialog\finddialog.cpp(1,1): warning C4828: 文件包含在偏移 0x10a 处开始的字符，该字符在当前源字符集中无效(代码页 65001)。
D:\code\QtLearning\04BuidDialog\finddialog.h(1,1): warning C4828: 文件包含在偏移 0xd0 处开始的字符，该字符在当前源字符集中无效(代码页 65001)。 (编译源文件 main.cpp)
D:\code\QtLearning\04BuidDialog\finddialog.cpp(1,1): warning C4828: 文件包含在偏移 0x10c 处开始的字符，该字符在当前源字符集中无效(代码页 65001)。
D:\code\QtLearning\04BuidDialog\finddialog.h(1,1): warning C4828: 文件包含在偏移 0xd2 处开始的字符，该字符在当前源字符集中无效(代码页 65001)。 (编译源文件 main.cpp)
D:\code\QtLearning\04BuidDialog\finddialog.cpp(1,1): warning C4828: 文件包含在偏移 0x10e 处开始的字符，该字符在当前源字符集中无效(代码页 65001)。
D:\code\QtLearning\04BuidDialog\finddialog.h(1,1): warning C4828: 文件包含在偏移 0xd3 处开始的字符，该字符在当前源字符集中无效(代码页 65001)。 (编译源文件 main.cpp)
D:\code\QtLearning\04BuidDialog\finddialog.cpp(1,1): warning C4828: 文件包含在偏移 0x10f 处开始的字符，该字符在当前源字符集中无效(代码页 65001)。
D:\code\QtLearning\04BuidDialog\finddialog.h(1,1): warning C4828: 文件包含在偏移 0xd5 处开始的字符，该字符在当前源字符集中无效(代码页 65001)。 (编译源文件 main.cpp)
D:\code\QtLearning\04BuidDialog\finddialog.cpp(1,1): warning C4828: 文件包含在偏移 0x110 处开始的字符，该字符在当前源字符集中无效(代码页 65001)。
D:\code\QtLearning\04BuidDialog\finddialog.h(1,1): warning C4828: 文件包含在偏移 0xf8 处开始的字符，该字符在当前源字符集中无效(代码页 65001)。 (编译源文件 main.cpp)
D:\code\QtLearning\04BuidDialog\finddialog.cpp(1,1): warning C4828: 文件包含在偏移 0x112 处开始的字符，该字符在当前源字符集中无效(代码页 65001)。
D:\code\QtLearning\04BuidDialog\finddialog.h(1,1): warning C4828: 文件包含在偏移 0xf9 处开始的字符，该字符在当前源字符集中无效(代码页 65001)。 (编译源文件 main.cpp)
D:\code\QtLearning\04BuidDialog\finddialog.cpp(1,1): warning C4828: 文件包含在偏移 0x113 处开始的字符，该字符在当前源字符集中无效(代码页 65001)。
D:\code\QtLearning\04BuidDialog\finddialog.h(1,1): warning C4828: 文件包含在偏移 0xfb 处开始的字符，该字符在当前源字符集中无效(代码页 65001)。 (编译源文件 main.cpp)
D:\code\QtLearning\04BuidDialog\finddialog.cpp(1,1): warning C4828: 文件包含在偏移 0x114 处开始的字符，该字符在当前源字符集中无效(代码页 65001)。
D:\code\QtLearning\04BuidDialog\finddialog.h(1,1): warning C4828: 文件包含在偏移 0xfe 处开始的字符，该字符在当前源字符集中无效(代码页 65001)。 (编译源文件 main.cpp)
D:\code\QtLearning\04BuidDialog\finddialog.cpp(1,1): warning C4828: 文件包含在偏移 0x115 处开始的字符，该字符在当前源字符集中无效(代码页 65001)。
D:\code\QtLearning\04BuidDialog\finddialog.h(1,1): warning C4828: 文件包含在偏移 0xff 处开始的字符，该字符在当前源字符集中无效(代码页 65001)。 (编译源文件 main.cpp)
D:\code\QtLearning\04BuidDialog\finddialog.cpp(1,1): warning C4828: 文件包含在偏移 0x116 处开始的字符，该字符在当前源字符集中无效(代码页 65001)。
D:\code\QtLearning\04BuidDialog\finddialog.h(1,1): warning C4828: 文件包含在偏移 0x100 处开始的字符，该字符在当前源字符集中无效(代码页 65001)。 (编译源文件 main.cpp)
D:\code\QtLearning\04BuidDialog\finddialog.cpp(1,1): warning C4828: 文件包含在偏移 0x117 处开始的字符，该字符在当前源字符集中无效(代码页 65001)。
D:\code\QtLearning\04BuidDialog\finddialog.h(1,1): warning C4828: 文件包含在偏移 0x101 处开始的字符，该字符在当前源字符集中无效(代码页 65001)。 (编译源文件 main.cpp)
D:\code\QtLearning\04BuidDialog\finddialog.cpp(1,1): warning C4828: 文件包含在偏移 0x118 处开始的字符，该字符在当前源字符集中无效(代码页 65001)。
D:\code\QtLearning\04BuidDialog\finddialog.h(1,1): warning C4828: 文件包含在偏移 0x103 处开始的字符，该字符在当前源字符集中无效(代码页 65001)。 (编译源文件 main.cpp)
D:\code\QtLearning\04BuidDialog\finddialog.cpp(1,1): warning C4828: 文件包含在偏移 0x11a 处开始的字符，该字符在当前源字符集中无效(代码页 65001)。
D:\code\QtLearning\04BuidDialog\finddialog.h(1,1): warning C4828: 文件包含在偏移 0x104 处开始的字符，该字符在当前源字符集中无效(代码页 65001)。 (编译源文件 main.cpp)
D:\code\QtLearning\04BuidDialog\finddialog.cpp(1,1): warning C4828: 文件包含在偏移 0x11b 处开始的字符，该字符在当前源字符集中无效(代码页 65001)。
D:\code\QtLearning\04BuidDialog\finddialog.h(1,1): warning C4828: 文件包含在偏移 0x107 处开始的字符，该字符在当前源字符集中无效(代码页 65001)。 (编译源文件 main.cpp)
D:\code\QtLearning\04BuidDialog\finddialog.cpp(1,1): warning C4828: 文件包含在偏移 0x11d 处开始的字符，该字符在当前源字符集中无效(代码页 65001)。
D:\code\QtLearning\04BuidDialog\finddialog.h(1,1): warning C4828: 文件包含在偏移 0x108 处开始的字符，该字符在当前源字符集中无效(代码页 65001)。 (编译源文件 main.cpp)
D:\code\QtLearning\04BuidDialog\finddialog.cpp(1,1): warning C4828: 文件包含在偏移 0x120 处开始的字符，该字符在当前源字符集中无效(代码页 65001)。
D:\code\QtLearning\04BuidDialog\finddialog.h(1,1): warning C4828: 文件包含在偏移 0x109 处开始的字符，该字符在当前源字符集中无效(代码页 65001)。 (编译源文件 main.cpp)
D:\code\QtLearning\04BuidDialog\finddialog.cpp(1,1): warning C4828: 文件包含在偏移 0x122 处开始的字符，该字符在当前源字符集中无效(代码页 65001)。
D:\code\QtLearning\04BuidDialog\finddialog.h(1,1): warning C4828: 文件包含在偏移 0x10a 处开始的字符，该字符在当前源字符集中无效(代码页 65001)。 (编译源文件 main.cpp)
D:\code\QtLearning\04BuidDialog\finddialog.cpp(1,1): warning C4828: 文件包含在偏移 0x124 处开始的字符，该字符在当前源字符集中无效(代码页 65001)。
D:\code\QtLearning\04BuidDialog\finddialog.h(1,1): warning C4828: 文件包含在偏移 0x10d 处开始的字符，该字符在当前源字符集中无效(代码页 65001)。 (编译源文件 main.cpp)
D:\code\QtLearning\04BuidDialog\finddialog.cpp(1,1): warning C4828: 文件包含在偏移 0x127 处开始的字符，该字符在当前源字符集中无效(代码页 65001)。
D:\code\QtLearning\04BuidDialog\finddialog.h(1,1): warning C4828: 文件包含在偏移 0x10e 处开始的字符，该字符在当前源字符集中无效(代码页 65001)。 (编译源文件 main.cpp)
D:\code\QtLearning\04BuidDialog\finddialog.cpp(1,1): warning C4828: 文件包含在偏移 0x234 处开始的字符，该字符在当前源字符集中无效(代码页 65001)。
D:\code\QtLearning\04BuidDialog\finddialog.h(1,1): warning C4828: 文件包含在偏移 0x10f 处开始的字符，该字符在当前源字符集中无效(代码页 65001)。 (编译源文件 main.cpp)
D:\code\QtLearning\04BuidDialog\finddialog.cpp(1,1): warning C4828: 文件包含在偏移 0x236 处开始的字符，该字符在当前源字符集中无效(代码页 65001)。
D:\code\QtLearning\04BuidDialog\finddialog.h(1,1): warning C4828: 文件包含在偏移 0x110 处开始的字符，该字符在当前源字符集中无效(代码页 65001)。 (编译源文件 main.cpp)
D:\code\QtLearning\04BuidDialog\finddialog.cpp(1,1): warning C4828: 文件包含在偏移 0x237 处开始的字符，该字符在当前源字符集中无效(代码页 65001)。
D:\code\QtLearning\04BuidDialog\finddialog.h(1,1): warning C4828: 文件包含在偏移 0x111 处开始的字符，该字符在当前源字符集中无效(代码页 65001)。 (编译源文件 main.cpp)
D:\code\QtLearning\04BuidDialog\finddialog.cpp(1,1): warning C4828: 文件包含在偏移 0x23a 处开始的字符，该字符在当前源字符集中无效(代码页 65001)。
D:\code\QtLearning\04BuidDialog\finddialog.h(1,1): warning C4828: 文件包含在偏移 0x112 处开始的字符，该字符在当前源字符集中无效(代码页 65001)。 (编译源文件 main.cpp)
D:\code\QtLearning\04BuidDialog\finddialog.cpp(1,1): warning C4828: 文件包含在偏移 0x23b 处开始的字符，该字符在当前源字符集中无效(代码页 65001)。
D:\code\QtLearning\04BuidDialog\finddialog.h(1,1): warning C4828: 文件包含在偏移 0x115 处开始的字符，该字符在当前源字符集中无效(代码页 65001)。 (编译源文件 main.cpp)
D:\code\QtLearning\04BuidDialog\finddialog.cpp(1,1): warning C4828: 文件包含在偏移 0x23f 处开始的字符，该字符在当前源字符集中无效(代码页 65001)。
D:\code\QtLearning\04BuidDialog\finddialog.cpp(1,1): warning C4828: 文件包含在偏移 0x240 处开始的字符，该字符在当前源字符集中无效(代码页 65001)。
D:\code\QtLearning\04BuidDialog\finddialog.h(1,1): warning C4828: 文件包含在偏移 0x117 处开始的字符，该字符在当前源字符集中无效(代码页 65001)。 (编译源文件 main.cpp)
D:\code\QtLearning\04BuidDialog\finddialog.h(1,1): warning C4828: 文件包含在偏移 0x118 处开始的字符，该字符在当前源字符集中无效(代码页 65001)。 (编译源文件 main.cpp)
D:\code\QtLearning\04BuidDialog\finddialog.cpp(1,1): warning C4828: 文件包含在偏移 0x242 处开始的字符，该字符在当前源字符集中无效(代码页 65001)。
D:\code\QtLearning\04BuidDialog\finddialog.h(1,1): warning C4828: 文件包含在偏移 0x119 处开始的字符，该字符在当前源字符集中无效(代码页 65001)。 (编译源文件 main.cpp)
D:\code\QtLearning\04BuidDialog\finddialog.cpp(1,1): warning C4828: 文件包含在偏移 0x243 处开始的字符，该字符在当前源字符集中无效(代码页 65001)。
D:\code\QtLearning\04BuidDialog\finddialog.h(1,1): warning C4828: 文件包含在偏移 0x11b 处开始的字符，该字符在当前源字符集中无效(代码页 65001)。 (编译源文件 main.cpp)
D:\code\QtLearning\04BuidDialog\finddialog.cpp(1,1): warning C4828: 文件包含在偏移 0x244 处开始的字符，该字符在当前源字符集中无效(代码页 65001)。
D:\code\QtLearning\04BuidDialog\finddialog.h(1,1): warning C4828: 文件包含在偏移 0x11c 处开始的字符，该字符在当前源字符集中无效(代码页 65001)。 (编译源文件 main.cpp)
D:\code\QtLearning\04BuidDialog\finddialog.cpp(1,1): warning C4828: 文件包含在偏移 0x245 处开始的字符，该字符在当前源字符集中无效(代码页 65001)。
D:\code\QtLearning\04BuidDialog\finddialog.h(1,1): warning C4828: 文件包含在偏移 0x120 处开始的字符，该字符在当前源字符集中无效(代码页 65001)。 (编译源文件 main.cpp)
D:\code\QtLearning\04BuidDialog\finddialog.cpp(1,1): warning C4828: 文件包含在偏移 0x246 处开始的字符，该字符在当前源字符集中无效(代码页 65001)。
D:\code\QtLearning\04BuidDialog\finddialog.h(1,1): warning C4828: 文件包含在偏移 0x124 处开始的字符，该字符在当前源字符集中无效(代码页 65001)。 (编译源文件 main.cpp)
D:\code\QtLearning\04BuidDialog\finddialog.cpp(1,1): warning C4828: 文件包含在偏移 0x24d 处开始的字符，该字符在当前源字符集中无效(代码页 65001)。
D:\code\QtLearning\04BuidDialog\finddialog.h(1,1): warning C4828: 文件包含在偏移 0x125 处开始的字符，该字符在当前源字符集中无效(代码页 65001)。 (编译源文件 main.cpp)
D:\code\QtLearning\04BuidDialog\finddialog.cpp(1,1): warning C4828: 文件包含在偏移 0x24e 处开始的字符，该字符在当前源字符集中无效(代码页 65001)。
D:\code\QtLearning\04BuidDialog\finddialog.h(1,1): warning C4828: 文件包含在偏移 0x129 处开始的字符，该字符在当前源字符集中无效(代码页 65001)。 (编译源文件 main.cpp)
D:\code\QtLearning\04BuidDialog\finddialog.cpp(1,1): warning C4828: 文件包含在偏移 0x251 处开始的字符，该字符在当前源字符集中无效(代码页 65001)。
D:\code\QtLearning\04BuidDialog\finddialog.h(1,1): warning C4828: 文件包含在偏移 0x12a 处开始的字符，该字符在当前源字符集中无效(代码页 65001)。 (编译源文件 main.cpp)
D:\code\QtLearning\04BuidDialog\finddialog.cpp(1,1): warning C4828: 文件包含在偏移 0x253 处开始的字符，该字符在当前源字符集中无效(代码页 65001)。
D:\code\QtLearning\04BuidDialog\finddialog.h(1,1): warning C4828: 文件包含在偏移 0x12c 处开始的字符，该字符在当前源字符集中无效(代码页 65001)。 (编译源文件 main.cpp)
D:\code\QtLearning\04BuidDialog\finddialog.cpp(1,1): warning C4828: 文件包含在偏移 0x254 处开始的字符，该字符在当前源字符集中无效(代码页 65001)。
D:\code\QtLearning\04BuidDialog\finddialog.h(1,1): warning C4828: 文件包含在偏移 0x12d 处开始的字符，该字符在当前源字符集中无效(代码页 65001)。 (编译源文件 main.cpp)
D:\code\QtLearning\04BuidDialog\finddialog.cpp(1,1): warning C4828: 文件包含在偏移 0x255 处开始的字符，该字符在当前源字符集中无效(代码页 65001)。
D:\code\QtLearning\04BuidDialog\finddialog.h(1,1): warning C4828: 文件包含在偏移 0x12e 处开始的字符，该字符在当前源字符集中无效(代码页 65001)。 (编译源文件 main.cpp)
D:\code\QtLearning\04BuidDialog\finddialog.cpp(1,1): warning C4828: 文件包含在偏移 0x256 处开始的字符，该字符在当前源字符集中无效(代码页 65001)。
D:\code\QtLearning\04BuidDialog\finddialog.h(1,1): warning C4828: 文件包含在偏移 0x132 处开始的字符，该字符在当前源字符集中无效(代码页 65001)。 (编译源文件 main.cpp)
D:\code\QtLearning\04BuidDialog\finddialog.cpp(1,1): warning C4828: 文件包含在偏移 0x257 处开始的字符，该字符在当前源字符集中无效(代码页 65001)。
D:\code\QtLearning\04BuidDialog\finddialog.h(1,1): warning C4828: 文件包含在偏移 0x134 处开始的字符，该字符在当前源字符集中无效(代码页 65001)。 (编译源文件 main.cpp)
D:\code\QtLearning\04BuidDialog\finddialog.h(1,1): warning C4828: 文件包含在偏移 0x139 处开始的字符，该字符在当前源字符集中无效(代码页 65001)。 (编译源文件 main.cpp)
D:\code\QtLearning\04BuidDialog\finddialog.cpp(1,1): warning C4828: 文件包含在偏移 0x259 处开始的字符，该字符在当前源字符集中无效(代码页 65001)。
D:\code\QtLearning\04BuidDialog\finddialog.h(1,1): warning C4828: 文件包含在偏移 0x13a 处开始的字符，该字符在当前源字符集中无效(代码页 65001)。 (编译源文件 main.cpp)
D:\code\QtLearning\04BuidDialog\finddialog.cpp(1,1): warning C4828: 文件包含在偏移 0x25a 处开始的字符，该字符在当前源字符集中无效(代码页 65001)。
D:\code\QtLearning\04BuidDialog\finddialog.h(1,1): warning C4828: 文件包含在偏移 0x13b 处开始的字符，该字符在当前源字符集中无效(代码页 65001)。 (编译源文件 main.cpp)
D:\code\QtLearning\04BuidDialog\finddialog.h(1,1): warning C4828: 文件包含在偏移 0x141 处开始的字符，该字符在当前源字符集中无效(代码页 65001)。 (编译源文件 main.cpp)
D:\code\QtLearning\04BuidDialog\finddialog.cpp(1,1): warning C4828: 文件包含在偏移 0x25c 处开始的字符，该字符在当前源字符集中无效(代码页 65001)。
D:\code\QtLearning\04BuidDialog\finddialog.h(1,1): warning C4828: 文件包含在偏移 0x142 处开始的字符，该字符在当前源字符集中无效(代码页 65001)。 (编译源文件 main.cpp)
D:\code\QtLearning\04BuidDialog\finddialog.cpp(1,1): warning C4828: 文件包含在偏移 0x25d 处开始的字符，该字符在当前源字符集中无效(代码页 65001)。
D:\code\QtLearning\04BuidDialog\finddialog.h(1,1): warning C4828: 文件包含在偏移 0x143 处开始的字符，该字符在当前源字符集中无效(代码页 65001)。 (编译源文件 main.cpp)
D:\code\QtLearning\04BuidDialog\finddialog.cpp(1,1): warning C4828: 文件包含在偏移 0x260 处开始的字符，该字符在当前源字符集中无效(代码页 65001)。
D:\code\QtLearning\04BuidDialog\finddialog.h(1,1): warning C4828: 文件包含在偏移 0x145 处开始的字符，该字符在当前源字符集中无效(代码页 65001)。 (编译源文件 main.cpp)
D:\code\QtLearning\04BuidDialog\finddialog.cpp(1,1): warning C4828: 文件包含在偏移 0x289 处开始的字符，该字符在当前源字符集中无效(代码页 65001)。
D:\code\QtLearning\04BuidDialog\finddialog.h(1,1): warning C4828: 文件包含在偏移 0x18c 处开始的字符，该字符在当前源字符集中无效(代码页 65001)。 (编译源文件 main.cpp)
D:\code\QtLearning\04BuidDialog\finddialog.cpp(1,1): warning C4828: 文件包含在偏移 0x28a 处开始的字符，该字符在当前源字符集中无效(代码页 65001)。
D:\code\QtLearning\04BuidDialog\finddialog.h(1,1): warning C4828: 文件包含在偏移 0x190 处开始的字符，该字符在当前源字符集中无效(代码页 65001)。 (编译源文件 main.cpp)
D:\code\QtLearning\04BuidDialog\finddialog.cpp(1,1): warning C4828: 文件包含在偏移 0x28b 处开始的字符，该字符在当前源字符集中无效(代码页 65001)。
D:\code\QtLearning\04BuidDialog\finddialog.h(1,1): warning C4828: 文件包含在偏移 0x191 处开始的字符，该字符在当前源字符集中无效(代码页 65001)。 (编译源文件 main.cpp)
D:\code\QtLearning\04BuidDialog\finddialog.cpp(1,1): warning C4828: 文件包含在偏移 0x28d 处开始的字符，该字符在当前源字符集中无效(代码页 65001)。
D:\code\QtLearning\04BuidDialog\finddialog.cpp(1,1): warning C4828: 文件包含在偏移 0x292 处开始的字符，该字符在当前源字符集中无效(代码页 65001)。
D:\code\QtLearning\04BuidDialog\finddialog.h(1,1): warning C4828: 文件包含在偏移 0x195 处开始的字符，该字符在当前源字符集中无效(代码页 65001)。 (编译源文件 main.cpp)
D:\code\QtLearning\04BuidDialog\finddialog.cpp(1,1): warning C4828: 文件包含在偏移 0x295 处开始的字符，该字符在当前源字符集中无效(代码页 65001)。
D:\code\QtLearning\04BuidDialog\finddialog.h(1,1): warning C4828: 文件包含在偏移 0x197 处开始的字符，该字符在当前源字符集中无效(代码页 65001)。 (编译源文件 main.cpp)
D:\code\QtLearning\04BuidDialog\finddialog.cpp(1,1): warning C4828: 文件包含在偏移 0x296 处开始的字符，该字符在当前源字符集中无效(代码页 65001)。
D:\code\QtLearning\04BuidDialog\finddialog.h(1,1): warning C4828: 文件包含在偏移 0x19a 处开始的字符，该字符在当前源字符集中无效(代码页 65001)。 (编译源文件 main.cpp)
D:\code\QtLearning\04BuidDialog\finddialog.cpp(1,1): warning C4828: 文件包含在偏移 0x299 处开始的字符，该字符在当前源字符集中无效(代码页 65001)。
D:\code\QtLearning\04BuidDialog\finddialog.h(1,1): warning C4828: 文件包含在偏移 0x19b 处开始的字符，该字符在当前源字符集中无效(代码页 65001)。 (编译源文件 main.cpp)
D:\code\QtLearning\04BuidDialog\finddialog.cpp(1,1): warning C4828: 文件包含在偏移 0x29a 处开始的字符，该字符在当前源字符集中无效(代码页 65001)。
D:\code\QtLearning\04BuidDialog\finddialog.h(1,1): warning C4828: 文件包含在偏移 0x19c 处开始的字符，该字符在当前源字符集中无效(代码页 65001)。 (编译源文件 main.cpp)
D:\code\QtLearning\04BuidDialog\finddialog.cpp(1,1): warning C4828: 文件包含在偏移 0x29b 处开始的字符，该字符在当前源字符集中无效(代码页 65001)。
D:\code\QtLearning\04BuidDialog\finddialog.h(1,1): warning C4828: 文件包含在偏移 0x19e 处开始的字符，该字符在当前源字符集中无效(代码页 65001)。 (编译源文件 main.cpp)
D:\code\QtLearning\04BuidDialog\finddialog.cpp(1,1): warning C4828: 文件包含在偏移 0x2a1 处开始的字符，该字符在当前源字符集中无效(代码页 65001)。
D:\code\QtLearning\04BuidDialog\finddialog.h(1,1): warning C4828: 文件包含在偏移 0x1b1 处开始的字符，该字符在当前源字符集中无效(代码页 65001)。 (编译源文件 main.cpp)
D:\code\QtLearning\04BuidDialog\finddialog.cpp(1,1): warning C4828: 文件包含在偏移 0x2a2 处开始的字符，该字符在当前源字符集中无效(代码页 65001)。
D:\code\QtLearning\04BuidDialog\finddialog.h(1,1): warning C4828: 文件包含在偏移 0x1b2 处开始的字符，该字符在当前源字符集中无效(代码页 65001)。 (编译源文件 main.cpp)
D:\code\QtLearning\04BuidDialog\finddialog.cpp(1,1): warning C4828: 文件包含在偏移 0x2a4 处开始的字符，该字符在当前源字符集中无效(代码页 65001)。
D:\code\QtLearning\04BuidDialog\finddialog.h(1,1): warning C4828: 文件包含在偏移 0x2a8 处开始的字符，该字符在当前源字符集中无效(代码页 65001)。 (编译源文件 main.cpp)
D:\code\QtLearning\04BuidDialog\finddialog.cpp(1,1): warning C4828: 文件包含在偏移 0x2a5 处开始的字符，该字符在当前源字符集中无效(代码页 65001)。
D:\code\QtLearning\04BuidDialog\finddialog.h(1,1): warning C4828: 文件包含在偏移 0x2a9 处开始的字符，该字符在当前源字符集中无效(代码页 65001)。 (编译源文件 main.cpp)
D:\code\QtLearning\04BuidDialog\finddialog.cpp(1,1): warning C4828: 文件包含在偏移 0x2a6 处开始的字符，该字符在当前源字符集中无效(代码页 65001)。
D:\code\QtLearning\04BuidDialog\finddialog.h(1,1): warning C4828: 文件包含在偏移 0x2ab 处开始的字符，该字符在当前源字符集中无效(代码页 65001)。 (编译源文件 main.cpp)
D:\code\QtLearning\04BuidDialog\finddialog.cpp(1,1): warning C4828: 文件包含在偏移 0x2a7 处开始的字符，该字符在当前源字符集中无效(代码页 65001)。
D:\code\QtLearning\04BuidDialog\finddialog.cpp(1,1): warning C4828: 文件包含在偏移 0x2a8 处开始的字符，该字符在当前源字符集中无效(代码页 65001)。
D:\code\QtLearning\04BuidDialog\finddialog.h(1,1): warning C4828: 文件包含在偏移 0x2ad 处开始的字符，该字符在当前源字符集中无效(代码页 65001)。 (编译源文件 main.cpp)
D:\code\QtLearning\04BuidDialog\finddialog.cpp(1,1): warning C4828: 文件包含在偏移 0x2a9 处开始的字符，该字符在当前源字符集中无效(代码页 65001)。
D:\code\QtLearning\04BuidDialog\finddialog.h(1,1): warning C4828: 文件包含在偏移 0x2b2 处开始的字符，该字符在当前源字符集中无效(代码页 65001)。 (编译源文件 main.cpp)
D:\code\QtLearning\04BuidDialog\finddialog.cpp(1,1): warning C4828: 文件包含在偏移 0x2ab 处开始的字符，该字符在当前源字符集中无效(代码页 65001)。
D:\code\QtLearning\04BuidDialog\finddialog.h(1,1): warning C4828: 文件包含在偏移 0x2b4 处开始的字符，该字符在当前源字符集中无效(代码页 65001)。 (编译源文件 main.cpp)
D:\code\QtLearning\04BuidDialog\finddialog.cpp(1,1): warning C4828: 文件包含在偏移 0x2ac 处开始的字符，该字符在当前源字符集中无效(代码页 65001)。
D:\code\QtLearning\04BuidDialog\finddialog.h(1,1): warning C4828: 文件包含在偏移 0x2b5 处开始的字符，该字符在当前源字符集中无效(代码页 65001)。 (编译源文件 main.cpp)
D:\code\QtLearning\04BuidDialog\finddialog.cpp(1,1): warning C4828: 文件包含在偏移 0x2ad 处开始的字符，该字符在当前源字符集中无效(代码页 65001)。
D:\code\QtLearning\04BuidDialog\finddialog.cpp(1,1): warning C4828: 文件包含在偏移 0x2af 处开始的字符，该字符在当前源字符集中无效(代码页 65001)。
D:\code\QtLearning\04BuidDialog\finddialog.h(1,1): warning C4828: 文件包含在偏移 0x2b8 处开始的字符，该字符在当前源字符集中无效(代码页 65001)。 (编译源文件 main.cpp)
D:\code\QtLearning\04BuidDialog\finddialog.cpp(1,1): warning C4828: 文件包含在偏移 0x2b0 处开始的字符，该字符在当前源字符集中无效(代码页 65001)。
D:\code\QtLearning\04BuidDialog\finddialog.h(1,1): warning C4828: 文件包含在偏移 0x2ba 处开始的字符，该字符在当前源字符集中无效(代码页 65001)。 (编译源文件 main.cpp)
D:\code\QtLearning\04BuidDialog\finddialog.cpp(1,1): warning C4828: 文件包含在偏移 0x2b4 处开始的字符，该字符在当前源字符集中无效(代码页 65001)。
D:\code\QtLearning\04BuidDialog\finddialog.h(1,1): warning C4828: 文件包含在偏移 0x2bc 处开始的字符，该字符在当前源字符集中无效(代码页 65001)。 (编译源文件 main.cpp)
D:\code\QtLearning\04BuidDialog\finddialog.h(1,1): warning C4828: 文件包含在偏移 0x2bd 处开始的字符，该字符在当前源字符集中无效(代码页 65001)。 (编译源文件 main.cpp)
D:\code\QtLearning\04BuidDialog\finddialog.cpp(1,1): warning C4828: 文件包含在偏移 0x2b5 处开始的字符，该字符在当前源字符集中无效(代码页 65001)。
D:\code\QtLearning\04BuidDialog\finddialog.h(1,1): warning C4828: 文件包含在偏移 0x2be 处开始的字符，该字符在当前源字符集中无效(代码页 65001)。 (编译源文件 main.cpp)
D:\code\QtLearning\04BuidDialog\finddialog.cpp(1,1): warning C4828: 文件包含在偏移 0x2b6 处开始的字符，该字符在当前源字符集中无效(代码页 65001)。
D:\code\QtLearning\04BuidDialog\finddialog.h(1,1): warning C4828: 文件包含在偏移 0x2c0 处开始的字符，该字符在当前源字符集中无效(代码页 65001)。 (编译源文件 main.cpp)
D:\code\QtLearning\04BuidDialog\finddialog.cpp(1,1): warning C4828: 文件包含在偏移 0x2b7 处开始的字符，该字符在当前源字符集中无效(代码页 65001)。
D:\code\QtLearning\04BuidDialog\finddialog.h(1,1): warning C4828: 文件包含在偏移 0x2c4 处开始的字符，该字符在当前源字符集中无效(代码页 65001)。 (编译源文件 main.cpp)
D:\code\QtLearning\04BuidDialog\finddialog.cpp(1,1): warning C4828: 文件包含在偏移 0x2b9 处开始的字符，该字符在当前源字符集中无效(代码页 65001)。
D:\code\QtLearning\04BuidDialog\finddialog.h(1,1): warning C4828: 文件包含在偏移 0x2c6 处开始的字符，该字符在当前源字符集中无效(代码页 65001)。 (编译源文件 main.cpp)
D:\code\QtLearning\04BuidDialog\finddialog.cpp(1,1): warning C4828: 文件包含在偏移 0x2ba 处开始的字符，该字符在当前源字符集中无效(代码页 65001)。
D:\code\QtLearning\04BuidDialog\finddialog.cpp(1,1): warning C4828: 文件包含在偏移 0x2bb 处开始的字符，该字符在当前源字符集中无效(代码页 65001)。
D:\code\QtLearning\04BuidDialog\finddialog.h(1,1): warning C4828: 文件包含在偏移 0x2c8 处开始的字符，该字符在当前源字符集中无效(代码页 65001)。 (编译源文件 main.cpp)
D:\code\QtLearning\04BuidDialog\finddialog.cpp(1,1): warning C4828: 文件包含在偏移 0x2bc 处开始的字符，该字符在当前源字符集中无效(代码页 65001)。
D:\code\QtLearning\04BuidDialog\finddialog.h(1,1): warning C4828: 文件包含在偏移 0x2ca 处开始的字符，该字符在当前源字符集中无效(代码页 65001)。 (编译源文件 main.cpp)
D:\code\QtLearning\04BuidDialog\finddialog.cpp(1,1): warning C4828: 文件包含在偏移 0x2bd 处开始的字符，该字符在当前源字符集中无效(代码页 65001)。
D:\code\QtLearning\04BuidDialog\finddialog.h(1,1): warning C4828: 文件包含在偏移 0x2cb 处开始的字符，该字符在当前源字符集中无效(代码页 65001)。 (编译源文件 main.cpp)
D:\code\QtLearning\04BuidDialog\finddialog.h(1,1): warning C4828: 文件包含在偏移 0x2cd 处开始的字符，该字符在当前源字符集中无效(代码页 65001)。 (编译源文件 main.cpp)
D:\code\QtLearning\04BuidDialog\finddialog.cpp(1,1): warning C4828: 文件包含在偏移 0x2be 处开始的字符，该字符在当前源字符集中无效(代码页 65001)。
D:\code\QtLearning\04BuidDialog\finddialog.h(1,1): warning C4828: 文件包含在偏移 0x2ce 处开始的字符，该字符在当前源字符集中无效(代码页 65001)。 (编译源文件 main.cpp)
D:\code\QtLearning\04BuidDialog\finddialog.cpp(1,1): warning C4828: 文件包含在偏移 0x2c0 处开始的字符，该字符在当前源字符集中无效(代码页 65001)。
D:\code\QtLearning\04BuidDialog\finddialog.h(1,1): warning C4828: 文件包含在偏移 0x2d0 处开始的字符，该字符在当前源字符集中无效(代码页 65001)。 (编译源文件 main.cpp)
D:\code\QtLearning\04BuidDialog\finddialog.cpp(1,1): warning C4828: 文件包含在偏移 0x318 处开始的字符，该字符在当前源字符集中无效(代码页 65001)。
D:\code\QtLearning\04BuidDialog\finddialog.h(1,1): warning C4828: 文件包含在偏移 0x2d1 处开始的字符，该字符在当前源字符集中无效(代码页 65001)。 (编译源文件 main.cpp)
D:\code\QtLearning\04BuidDialog\finddialog.cpp(1,1): warning C4828: 文件包含在偏移 0x31a 处开始的字符，该字符在当前源字符集中无效(代码页 65001)。
D:\code\QtLearning\04BuidDialog\finddialog.h(1,1): warning C4828: 文件包含在偏移 0x2d4 处开始的字符，该字符在当前源字符集中无效(代码页 65001)。 (编译源文件 main.cpp)
D:\code\QtLearning\04BuidDialog\finddialog.cpp(1,1): warning C4828: 文件包含在偏移 0x323 处开始的字符，该字符在当前源字符集中无效(代码页 65001)。
D:\code\QtLearning\04BuidDialog\finddialog.h(1,1): warning C4828: 文件包含在偏移 0x2d6 处开始的字符，该字符在当前源字符集中无效(代码页 65001)。 (编译源文件 main.cpp)
D:\code\QtLearning\04BuidDialog\finddialog.cpp(1,1): warning C4828: 文件包含在偏移 0x32f 处开始的字符，该字符在当前源字符集中无效(代码页 65001)。
D:\code\QtLearning\04BuidDialog\finddialog.h(1,1): warning C4828: 文件包含在偏移 0x2d7 处开始的字符，该字符在当前源字符集中无效(代码页 65001)。 (编译源文件 main.cpp)
D:\code\QtLearning\04BuidDialog\finddialog.h(1,1): warning C4828: 文件包含在偏移 0x2de 处开始的字符，该字符在当前源字符集中无效(代码页 65001)。 (编译源文件 main.cpp)
D:\code\QtLearning\04BuidDialog\finddialog.cpp(1,1): warning C4828: 文件包含在偏移 0x332 处开始的字符，该字符在当前源字符集中无效(代码页 65001)。
D:\code\QtLearning\04BuidDialog\finddialog.h(1,1): warning C4828: 文件包含在偏移 0x2e0 处开始的字符，该字符在当前源字符集中无效(代码页 65001)。 (编译源文件 main.cpp)
D:\code\QtLearning\04BuidDialog\finddialog.cpp(1,1): warning C4828: 文件包含在偏移 0x333 处开始的字符，该字符在当前源字符集中无效(代码页 65001)。
D:\code\QtLearning\04BuidDialog\finddialog.h(1,1): warning C4828: 文件包含在偏移 0x2e2 处开始的字符，该字符在当前源字符集中无效(代码页 65001)。 (编译源文件 main.cpp)
D:\code\QtLearning\04BuidDialog\finddialog.h(1,1): warning C4828: 文件包含在偏移 0x2e3 处开始的字符，该字符在当前源字符集中无效(代码页 65001)。 (编译源文件 main.cpp)
D:\code\QtLearning\04BuidDialog\finddialog.cpp(1,1): warning C4828: 文件包含在偏移 0x334 处开始的字符，该字符在当前源字符集中无效(代码页 65001)。
D:\code\QtLearning\04BuidDialog\finddialog.h(1,1): warning C4828: 文件包含在偏移 0x2e9 处开始的字符，该字符在当前源字符集中无效(代码页 65001)。 (编译源文件 main.cpp)
D:\code\QtLearning\04BuidDialog\finddialog.cpp(1,1): warning C4828: 文件包含在偏移 0x336 处开始的字符，该字符在当前源字符集中无效(代码页 65001)。
D:\code\QtLearning\04BuidDialog\finddialog.h(1,1): warning C4828: 文件包含在偏移 0x2ea 处开始的字符，该字符在当前源字符集中无效(代码页 65001)。 (编译源文件 main.cpp)
D:\code\QtLearning\04BuidDialog\finddialog.cpp(1,1): warning C4828: 文件包含在偏移 0x33a 处开始的字符，该字符在当前源字符集中无效(代码页 65001)。
D:\code\QtLearning\04BuidDialog\finddialog.h(1,1): warning C4828: 文件包含在偏移 0x2ee 处开始的字符，该字符在当前源字符集中无效(代码页 65001)。 (编译源文件 main.cpp)
D:\code\QtLearning\04BuidDialog\finddialog.h(1,1): warning C4828: 文件包含在偏移 0x2f0 处开始的字符，该字符在当前源字符集中无效(代码页 65001)。 (编译源文件 main.cpp)
D:\code\QtLearning\04BuidDialog\finddialog.cpp(1,1): warning C4828: 文件包含在偏移 0x33b 处开始的字符，该字符在当前源字符集中无效(代码页 65001)。
D:\code\QtLearning\04BuidDialog\finddialog.h(1,1): warning C4828: 文件包含在偏移 0x2f2 处开始的字符，该字符在当前源字符集中无效(代码页 65001)。 (编译源文件 main.cpp)
D:\code\QtLearning\04BuidDialog\finddialog.cpp(1,1): warning C4828: 文件包含在偏移 0x33c 处开始的字符，该字符在当前源字符集中无效(代码页 65001)。
D:\code\QtLearning\04BuidDialog\finddialog.h(1,1): warning C4828: 文件包含在偏移 0x2f6 处开始的字符，该字符在当前源字符集中无效(代码页 65001)。 (编译源文件 main.cpp)
D:\code\QtLearning\04BuidDialog\finddialog.cpp(1,1): warning C4828: 文件包含在偏移 0x33d 处开始的字符，该字符在当前源字符集中无效(代码页 65001)。
D:\code\QtLearning\04BuidDialog\finddialog.h(1,1): warning C4828: 文件包含在偏移 0x2f8 处开始的字符，该字符在当前源字符集中无效(代码页 65001)。 (编译源文件 main.cpp)
D:\code\QtLearning\04BuidDialog\finddialog.cpp(1,1): warning C4828: 文件包含在偏移 0x33f 处开始的字符，该字符在当前源字符集中无效(代码页 65001)。
D:\code\QtLearning\04BuidDialog\finddialog.h(1,1): warning C4828: 文件包含在偏移 0x2f9 处开始的字符，该字符在当前源字符集中无效(代码页 65001)。 (编译源文件 main.cpp)
D:\code\QtLearning\04BuidDialog\finddialog.h(1,1): warning C4828: 文件包含在偏移 0x2fa 处开始的字符，该字符在当前源字符集中无效(代码页 65001)。 (编译源文件 main.cpp)
D:\code\QtLearning\04BuidDialog\finddialog.cpp(1,1): warning C4828: 文件包含在偏移 0x341 处开始的字符，该字符在当前源字符集中无效(代码页 65001)。
D:\code\QtLearning\04BuidDialog\finddialog.h(1,1): warning C4828: 文件包含在偏移 0x2fb 处开始的字符，该字符在当前源字符集中无效(代码页 65001)。 (编译源文件 main.cpp)
D:\code\QtLearning\04BuidDialog\finddialog.cpp(1,1): warning C4828: 文件包含在偏移 0x342 处开始的字符，该字符在当前源字符集中无效(代码页 65001)。
D:\code\QtLearning\04BuidDialog\finddialog.h(1,1): warning C4828: 文件包含在偏移 0x2fc 处开始的字符，该字符在当前源字符集中无效(代码页 65001)。 (编译源文件 main.cpp)
D:\code\QtLearning\04BuidDialog\finddialog.cpp(1,1): warning C4828: 文件包含在偏移 0x344 处开始的字符，该字符在当前源字符集中无效(代码页 65001)。
D:\code\QtLearning\04BuidDialog\finddialog.h(1,1): warning C4828: 文件包含在偏移 0x300 处开始的字符，该字符在当前源字符集中无效(代码页 65001)。 (编译源文件 main.cpp)
D:\code\QtLearning\04BuidDialog\finddialog.cpp(1,1): warning C4828: 文件包含在偏移 0x346 处开始的字符，该字符在当前源字符集中无效(代码页 65001)。
D:\code\QtLearning\04BuidDialog\finddialog.h(1,1): warning C4828: 文件包含在偏移 0x302 处开始的字符，该字符在当前源字符集中无效(代码页 65001)。 (编译源文件 main.cpp)
D:\code\QtLearning\04BuidDialog\finddialog.h(1,1): warning C4828: 文件包含在偏移 0x303 处开始的字符，该字符在当前源字符集中无效(代码页 65001)。 (编译源文件 main.cpp)
D:\code\QtLearning\04BuidDialog\finddialog.cpp(1,1): warning C4828: 文件包含在偏移 0x347 处开始的字符，该字符在当前源字符集中无效(代码页 65001)。
D:\code\QtLearning\04BuidDialog\finddialog.h(1,1): warning C4828: 文件包含在偏移 0x305 处开始的字符，该字符在当前源字符集中无效(代码页 65001)。 (编译源文件 main.cpp)
D:\code\QtLearning\04BuidDialog\finddialog.cpp(1,1): warning C4828: 文件包含在偏移 0x350 处开始的字符，该字符在当前源字符集中无效(代码页 65001)。
D:\code\QtLearning\04BuidDialog\finddialog.h(1,1): warning C4828: 文件包含在偏移 0x306 处开始的字符，该字符在当前源字符集中无效(代码页 65001)。 (编译源文件 main.cpp)
D:\code\QtLearning\04BuidDialog\finddialog.cpp(1,1): warning C4828: 文件包含在偏移 0x351 处开始的字符，该字符在当前源字符集中无效(代码页 65001)。
D:\code\QtLearning\04BuidDialog\finddialog.h(1,1): warning C4828: 文件包含在偏移 0x30a 处开始的字符，该字符在当前源字符集中无效(代码页 65001)。 (编译源文件 main.cpp)
D:\code\QtLearning\04BuidDialog\finddialog.cpp(1,1): warning C4828: 文件包含在偏移 0x352 处开始的字符，该字符在当前源字符集中无效(代码页 65001)。
D:\code\QtLearning\04BuidDialog\finddialog.h(1,1): warning C4828: 文件包含在偏移 0x30c 处开始的字符，该字符在当前源字符集中无效(代码页 65001)。 (编译源文件 main.cpp)
D:\code\QtLearning\04BuidDialog\finddialog.cpp(1,1): warning C4828: 文件包含在偏移 0x353 处开始的字符，该字符在当前源字符集中无效(代码页 65001)。
D:\code\QtLearning\04BuidDialog\finddialog.h(1,1): warning C4828: 文件包含在偏移 0x30d 处开始的字符，该字符在当前源字符集中无效(代码页 65001)。 (编译源文件 main.cpp)
D:\code\QtLearning\04BuidDialog\finddialog.cpp(1,1): warning C4828: 文件包含在偏移 0x354 处开始的字符，该字符在当前源字符集中无效(代码页 65001)。
D:\code\QtLearning\04BuidDialog\finddialog.h(1,1): warning C4828: 文件包含在偏移 0x30e 处开始的字符，该字符在当前源字符集中无效(代码页 65001)。 (编译源文件 main.cpp)
D:\code\QtLearning\04BuidDialog\finddialog.cpp(1,1): warning C4828: 文件包含在偏移 0x355 处开始的字符，该字符在当前源字符集中无效(代码页 65001)。
D:\code\QtLearning\04BuidDialog\finddialog.h(1,1): warning C4828: 文件包含在偏移 0x310 处开始的字符，该字符在当前源字符集中无效(代码页 65001)。 (编译源文件 main.cpp)
D:\code\QtLearning\04BuidDialog\finddialog.cpp(1,1): warning C4828: 文件包含在偏移 0x356 处开始的字符，该字符在当前源字符集中无效(代码页 65001)。
D:\code\QtLearning\04BuidDialog\finddialog.h(1,1): warning C4828: 文件包含在偏移 0x311 处开始的字符，该字符在当前源字符集中无效(代码页 65001)。 (编译源文件 main.cpp)
D:\code\QtLearning\04BuidDialog\finddialog.cpp(1,1): warning C4828: 文件包含在偏移 0x35a 处开始的字符，该字符在当前源字符集中无效(代码页 65001)。
D:\code\QtLearning\04BuidDialog\finddialog.h(1,1): warning C4828: 文件包含在偏移 0x313 处开始的字符，该字符在当前源字符集中无效(代码页 65001)。 (编译源文件 main.cpp)
D:\code\QtLearning\04BuidDialog\finddialog.cpp(1,1): warning C4828: 文件包含在偏移 0x35c 处开始的字符，该字符在当前源字符集中无效(代码页 65001)。
D:\code\QtLearning\04BuidDialog\finddialog.h(1,1): warning C4828: 文件包含在偏移 0x314 处开始的字符，该字符在当前源字符集中无效(代码页 65001)。 (编译源文件 main.cpp)
D:\code\QtLearning\04BuidDialog\finddialog.cpp(1,1): warning C4828: 文件包含在偏移 0x35d 处开始的字符，该字符在当前源字符集中无效(代码页 65001)。
D:\code\QtLearning\04BuidDialog\finddialog.h(1,1): warning C4828: 文件包含在偏移 0x315 处开始的字符，该字符在当前源字符集中无效(代码页 65001)。 (编译源文件 main.cpp)
D:\code\QtLearning\04BuidDialog\finddialog.h(1,1): warning C4828: 文件包含在偏移 0x317 处开始的字符，该字符在当前源字符集中无效(代码页 65001)。 (编译源文件 main.cpp)
D:\code\QtLearning\04BuidDialog\finddialog.h(1,1): warning C4828: 文件包含在偏移 0x319 处开始的字符，该字符在当前源字符集中无效(代码页 65001)。 (编译源文件 main.cpp)
D:\code\QtLearning\04BuidDialog\finddialog.h(1,1): warning C4828: 文件包含在偏移 0x31a 处开始的字符，该字符在当前源字符集中无效(代码页 65001)。 (编译源文件 main.cpp)
D:\code\QtLearning\04BuidDialog\finddialog.h(1,1): warning C4828: 文件包含在偏移 0x31c 处开始的字符，该字符在当前源字符集中无效(代码页 65001)。 (编译源文件 main.cpp)
D:\code\QtLearning\04BuidDialog\finddialog.h(1,1): warning C4828: 文件包含在偏移 0x31d 处开始的字符，该字符在当前源字符集中无效(代码页 65001)。 (编译源文件 main.cpp)
D:\code\QtLearning\04BuidDialog\finddialog.h(1,1): warning C4828: 文件包含在偏移 0x31e 处开始的字符，该字符在当前源字符集中无效(代码页 65001)。 (编译源文件 main.cpp)
D:\code\QtLearning\04BuidDialog\finddialog.h(1,1): warning C4828: 文件包含在偏移 0x320 处开始的字符，该字符在当前源字符集中无效(代码页 65001)。 (编译源文件 main.cpp)
D:\code\QtLearning\04BuidDialog\finddialog.h(1,1): warning C4828: 文件包含在偏移 0x321 处开始的字符，该字符在当前源字符集中无效(代码页 65001)。 (编译源文件 main.cpp)
D:\code\QtLearning\04BuidDialog\finddialog.h(1,1): warning C4828: 文件包含在偏移 0x322 处开始的字符，该字符在当前源字符集中无效(代码页 65001)。 (编译源文件 main.cpp)
D:\code\QtLearning\04BuidDialog\finddialog.h(1,1): warning C4828: 文件包含在偏移 0x323 处开始的字符，该字符在当前源字符集中无效(代码页 65001)。 (编译源文件 main.cpp)
D:\code\QtLearning\04BuidDialog\finddialog.h(1,1): warning C4828: 文件包含在偏移 0x326 处开始的字符，该字符在当前源字符集中无效(代码页 65001)。 (编译源文件 main.cpp)
D:\code\QtLearning\04BuidDialog\finddialog.h(1,1): warning C4828: 文件包含在偏移 0x327 处开始的字符，该字符在当前源字符集中无效(代码页 65001)。 (编译源文件 main.cpp)
D:\code\QtLearning\04BuidDialog\finddialog.h(1,1): warning C4828: 文件包含在偏移 0x329 处开始的字符，该字符在当前源字符集中无效(代码页 65001)。 (编译源文件 main.cpp)
D:\code\QtLearning\04BuidDialog\finddialog.h(1,1): warning C4828: 文件包含在偏移 0x32d 处开始的字符，该字符在当前源字符集中无效(代码页 65001)。 (编译源文件 main.cpp)
D:\code\QtLearning\04BuidDialog\finddialog.h(1,1): warning C4828: 文件包含在偏移 0x32f 处开始的字符，该字符在当前源字符集中无效(代码页 65001)。 (编译源文件 main.cpp)
D:\code\QtLearning\04BuidDialog\finddialog.h(1,1): warning C4828: 文件包含在偏移 0x334 处开始的字符，该字符在当前源字符集中无效(代码页 65001)。 (编译源文件 main.cpp)
D:\code\QtLearning\04BuidDialog\finddialog.h(1,1): warning C4828: 文件包含在偏移 0x335 处开始的字符，该字符在当前源字符集中无效(代码页 65001)。 (编译源文件 main.cpp)
D:\code\QtLearning\04BuidDialog\finddialog.h(1,1): warning C4828: 文件包含在偏移 0x338 处开始的字符，该字符在当前源字符集中无效(代码页 65001)。 (编译源文件 main.cpp)
D:\code\QtLearning\04BuidDialog\finddialog.h(1,1): warning C4828: 文件包含在偏移 0x33a 处开始的字符，该字符在当前源字符集中无效(代码页 65001)。 (编译源文件 main.cpp)
D:\code\QtLearning\04BuidDialog\finddialog.h(1,1): warning C4828: 文件包含在偏移 0x33c 处开始的字符，该字符在当前源字符集中无效(代码页 65001)。 (编译源文件 main.cpp)
D:\code\QtLearning\04BuidDialog\finddialog.h(1,1): warning C4828: 文件包含在偏移 0x33d 处开始的字符，该字符在当前源字符集中无效(代码页 65001)。 (编译源文件 main.cpp)
D:\code\QtLearning\04BuidDialog\finddialog.h(1,1): warning C4828: 文件包含在偏移 0x33e 处开始的字符，该字符在当前源字符集中无效(代码页 65001)。 (编译源文件 main.cpp)
D:\code\QtLearning\04BuidDialog\finddialog.h(1,1): warning C4828: 文件包含在偏移 0x340 处开始的字符，该字符在当前源字符集中无效(代码页 65001)。 (编译源文件 main.cpp)
D:\code\QtLearning\04BuidDialog\finddialog.h(1,1): warning C4828: 文件包含在偏移 0x341 处开始的字符，该字符在当前源字符集中无效(代码页 65001)。 (编译源文件 main.cpp)
D:\code\QtLearning\04BuidDialog\finddialog.h(1,1): warning C4828: 文件包含在偏移 0x348 处开始的字符，该字符在当前源字符集中无效(代码页 65001)。 (编译源文件 main.cpp)
D:\code\QtLearning\04BuidDialog\finddialog.h(1,1): warning C4828: 文件包含在偏移 0x34a 处开始的字符，该字符在当前源字符集中无效(代码页 65001)。 (编译源文件 main.cpp)
D:\code\QtLearning\04BuidDialog\finddialog.h(1,1): warning C4828: 文件包含在偏移 0x34c 处开始的字符，该字符在当前源字符集中无效(代码页 65001)。 (编译源文件 main.cpp)
D:\code\QtLearning\04BuidDialog\finddialog.h(1,1): warning C4828: 文件包含在偏移 0x34d 处开始的字符，该字符在当前源字符集中无效(代码页 65001)。 (编译源文件 main.cpp)
D:\code\QtLearning\04BuidDialog\finddialog.h(1,1): warning C4828: 文件包含在偏移 0x34f 处开始的字符，该字符在当前源字符集中无效(代码页 65001)。 (编译源文件 main.cpp)
D:\code\QtLearning\04BuidDialog\finddialog.h(1,1): warning C4828: 文件包含在偏移 0x351 处开始的字符，该字符在当前源字符集中无效(代码页 65001)。 (编译源文件 main.cpp)
D:\code\QtLearning\04BuidDialog\finddialog.h(1,1): warning C4828: 文件包含在偏移 0x352 处开始的字符，该字符在当前源字符集中无效(代码页 65001)。 (编译源文件 main.cpp)
D:\code\QtLearning\04BuidDialog\finddialog.h(1,1): warning C4828: 文件包含在偏移 0x355 处开始的字符，该字符在当前源字符集中无效(代码页 65001)。 (编译源文件 main.cpp)
D:\code\QtLearning\04BuidDialog\finddialog.h(1,1): warning C4828: 文件包含在偏移 0x358 处开始的字符，该字符在当前源字符集中无效(代码页 65001)。 (编译源文件 main.cpp)
D:\code\QtLearning\04BuidDialog\finddialog.h(1,1): warning C4828: 文件包含在偏移 0x359 处开始的字符，该字符在当前源字符集中无效(代码页 65001)。 (编译源文件 main.cpp)
D:\code\QtLearning\04BuidDialog\finddialog.h(1,1): warning C4828: 文件包含在偏移 0x35a 处开始的字符，该字符在当前源字符集中无效(代码页 65001)。 (编译源文件 main.cpp)
D:\code\QtLearning\04BuidDialog\finddialog.h(1,1): warning C4828: 文件包含在偏移 0x35b 处开始的字符，该字符在当前源字符集中无效(代码页 65001)。 (编译源文件 main.cpp)
D:\code\QtLearning\04BuidDialog\finddialog.h(1,1): warning C4828: 文件包含在偏移 0x35e 处开始的字符，该字符在当前源字符集中无效(代码页 65001)。 (编译源文件 main.cpp)
D:\code\QtLearning\04BuidDialog\finddialog.h(1,1): warning C4828: 文件包含在偏移 0x35f 处开始的字符，该字符在当前源字符集中无效(代码页 65001)。 (编译源文件 main.cpp)
D:\code\QtLearning\04BuidDialog\finddialog.h(1,1): warning C4828: 文件包含在偏移 0x98 处开始的字符，该字符在当前源字符集中无效(代码页 65001)。 (编译源文件 finddialog.cpp)
D:\code\QtLearning\04BuidDialog\finddialog.h(1,1): warning C4828: 文件包含在偏移 0x99 处开始的字符，该字符在当前源字符集中无效(代码页 65001)。 (编译源文件 finddialog.cpp)
D:\code\QtLearning\04BuidDialog\finddialog.h(1,1): warning C4828: 文件包含在偏移 0x9b 处开始的字符，该字符在当前源字符集中无效(代码页 65001)。 (编译源文件 finddialog.cpp)
D:\code\QtLearning\04BuidDialog\finddialog.h(1,1): warning C4828: 文件包含在偏移 0x9d 处开始的字符，该字符在当前源字符集中无效(代码页 65001)。 (编译源文件 finddialog.cpp)
D:\code\QtLearning\04BuidDialog\finddialog.h(1,1): warning C4828: 文件包含在偏移 0x9e 处开始的字符，该字符在当前源字符集中无效(代码页 65001)。 (编译源文件 finddialog.cpp)
D:\code\QtLearning\04BuidDialog\finddialog.h(1,1): warning C4828: 文件包含在偏移 0xa0 处开始的字符，该字符在当前源字符集中无效(代码页 65001)。 (编译源文件 finddialog.cpp)
D:\code\QtLearning\04BuidDialog\finddialog.h(1,1): warning C4828: 文件包含在偏移 0xa1 处开始的字符，该字符在当前源字符集中无效(代码页 65001)。 (编译源文件 finddialog.cpp)
D:\code\QtLearning\04BuidDialog\finddialog.h(1,1): warning C4828: 文件包含在偏移 0xa2 处开始的字符，该字符在当前源字符集中无效(代码页 65001)。 (编译源文件 finddialog.cpp)
D:\code\QtLearning\04BuidDialog\finddialog.h(1,1): warning C4828: 文件包含在偏移 0xa4 处开始的字符，该字符在当前源字符集中无效(代码页 65001)。 (编译源文件 finddialog.cpp)
D:\code\QtLearning\04BuidDialog\finddialog.h(1,1): warning C4828: 文件包含在偏移 0xa5 处开始的字符，该字符在当前源字符集中无效(代码页 65001)。 (编译源文件 finddialog.cpp)
D:\code\QtLearning\04BuidDialog\finddialog.h(1,1): warning C4828: 文件包含在偏移 0xaf 处开始的字符，该字符在当前源字符集中无效(代码页 65001)。 (编译源文件 finddialog.cpp)
D:\code\QtLearning\04BuidDialog\finddialog.h(1,1): warning C4828: 文件包含在偏移 0xb4 处开始的字符，该字符在当前源字符集中无效(代码页 65001)。 (编译源文件 finddialog.cpp)
D:\code\QtLearning\04BuidDialog\finddialog.h(1,1): warning C4828: 文件包含在偏移 0xb6 处开始的字符，该字符在当前源字符集中无效(代码页 65001)。 (编译源文件 finddialog.cpp)
D:\code\QtLearning\04BuidDialog\finddialog.h(1,1): warning C4828: 文件包含在偏移 0xba 处开始的字符，该字符在当前源字符集中无效(代码页 65001)。 (编译源文件 finddialog.cpp)
D:\code\QtLearning\04BuidDialog\finddialog.h(1,1): warning C4828: 文件包含在偏移 0xbc 处开始的字符，该字符在当前源字符集中无效(代码页 65001)。 (编译源文件 finddialog.cpp)
D:\code\QtLearning\04BuidDialog\finddialog.h(1,1): warning C4828: 文件包含在偏移 0xbd 处开始的字符，该字符在当前源字符集中无效(代码页 65001)。 (编译源文件 finddialog.cpp)
D:\code\QtLearning\04BuidDialog\finddialog.h(1,1): warning C4828: 文件包含在偏移 0xc0 处开始的字符，该字符在当前源字符集中无效(代码页 65001)。 (编译源文件 finddialog.cpp)
D:\code\QtLearning\04BuidDialog\finddialog.h(1,1): warning C4828: 文件包含在偏移 0xc1 处开始的字符，该字符在当前源字符集中无效(代码页 65001)。 (编译源文件 finddialog.cpp)
D:\code\QtLearning\04BuidDialog\finddialog.h(1,1): warning C4828: 文件包含在偏移 0xc2 处开始的字符，该字符在当前源字符集中无效(代码页 65001)。 (编译源文件 finddialog.cpp)
D:\code\QtLearning\04BuidDialog\finddialog.h(1,1): warning C4828: 文件包含在偏移 0xc3 处开始的字符，该字符在当前源字符集中无效(代码页 65001)。 (编译源文件 finddialog.cpp)
D:\code\QtLearning\04BuidDialog\finddialog.h(1,1): warning C4828: 文件包含在偏移 0xcc 处开始的字符，该字符在当前源字符集中无效(代码页 65001)。 (编译源文件 finddialog.cpp)
D:\code\QtLearning\04BuidDialog\finddialog.h(1,1): warning C4828: 文件包含在偏移 0xd0 处开始的字符，该字符在当前源字符集中无效(代码页 65001)。 (编译源文件 finddialog.cpp)
D:\code\QtLearning\04BuidDialog\finddialog.h(1,1): warning C4828: 文件包含在偏移 0xd2 处开始的字符，该字符在当前源字符集中无效(代码页 65001)。 (编译源文件 finddialog.cpp)
D:\code\QtLearning\04BuidDialog\finddialog.h(1,1): warning C4828: 文件包含在偏移 0xd3 处开始的字符，该字符在当前源字符集中无效(代码页 65001)。 (编译源文件 finddialog.cpp)
D:\code\QtLearning\04BuidDialog\finddialog.h(1,1): warning C4828: 文件包含在偏移 0xd5 处开始的字符，该字符在当前源字符集中无效(代码页 65001)。 (编译源文件 finddialog.cpp)
D:\code\QtLearning\04BuidDialog\finddialog.h(1,1): warning C4828: 文件包含在偏移 0xf8 处开始的字符，该字符在当前源字符集中无效(代码页 65001)。 (编译源文件 finddialog.cpp)
D:\code\QtLearning\04BuidDialog\finddialog.h(1,1): warning C4828: 文件包含在偏移 0xf9 处开始的字符，该字符在当前源字符集中无效(代码页 65001)。 (编译源文件 finddialog.cpp)
D:\code\QtLearning\04BuidDialog\finddialog.h(1,1): warning C4828: 文件包含在偏移 0xfb 处开始的字符，该字符在当前源字符集中无效(代码页 65001)。 (编译源文件 finddialog.cpp)
D:\code\QtLearning\04BuidDialog\finddialog.h(1,1): warning C4828: 文件包含在偏移 0xfe 处开始的字符，该字符在当前源字符集中无效(代码页 65001)。 (编译源文件 finddialog.cpp)
D:\code\QtLearning\04BuidDialog\finddialog.h(1,1): warning C4828: 文件包含在偏移 0xff 处开始的字符，该字符在当前源字符集中无效(代码页 65001)。 (编译源文件 finddialog.cpp)
D:\code\QtLearning\04BuidDialog\finddialog.h(1,1): warning C4828: 文件包含在偏移 0x100 处开始的字符，该字符在当前源字符集中无效(代码页 65001)。 (编译源文件 finddialog.cpp)
D:\code\QtLearning\04BuidDialog\finddialog.h(1,1): warning C4828: 文件包含在偏移 0x101 处开始的字符，该字符在当前源字符集中无效(代码页 65001)。 (编译源文件 finddialog.cpp)
D:\code\QtLearning\04BuidDialog\finddialog.h(1,1): warning C4828: 文件包含在偏移 0x103 处开始的字符，该字符在当前源字符集中无效(代码页 65001)。 (编译源文件 finddialog.cpp)
D:\code\QtLearning\04BuidDialog\finddialog.h(1,1): warning C4828: 文件包含在偏移 0x104 处开始的字符，该字符在当前源字符集中无效(代码页 65001)。 (编译源文件 finddialog.cpp)
D:\code\QtLearning\04BuidDialog\finddialog.h(1,1): warning C4828: 文件包含在偏移 0x107 处开始的字符，该字符在当前源字符集中无效(代码页 65001)。 (编译源文件 finddialog.cpp)
D:\code\QtLearning\04BuidDialog\finddialog.h(1,1): warning C4828: 文件包含在偏移 0x108 处开始的字符，该字符在当前源字符集中无效(代码页 65001)。 (编译源文件 finddialog.cpp)
D:\code\QtLearning\04BuidDialog\finddialog.h(1,1): warning C4828: 文件包含在偏移 0x109 处开始的字符，该字符在当前源字符集中无效(代码页 65001)。 (编译源文件 finddialog.cpp)
D:\code\QtLearning\04BuidDialog\finddialog.h(1,1): warning C4828: 文件包含在偏移 0x10a 处开始的字符，该字符在当前源字符集中无效(代码页 65001)。 (编译源文件 finddialog.cpp)
D:\code\QtLearning\04BuidDialog\finddialog.h(1,1): warning C4828: 文件包含在偏移 0x10d 处开始的字符，该字符在当前源字符集中无效(代码页 65001)。 (编译源文件 finddialog.cpp)
D:\code\QtLearning\04BuidDialog\finddialog.h(1,1): warning C4828: 文件包含在偏移 0x10e 处开始的字符，该字符在当前源字符集中无效(代码页 65001)。 (编译源文件 finddialog.cpp)
D:\code\QtLearning\04BuidDialog\finddialog.h(1,1): warning C4828: 文件包含在偏移 0x10f 处开始的字符，该字符在当前源字符集中无效(代码页 65001)。 (编译源文件 finddialog.cpp)
D:\code\QtLearning\04BuidDialog\finddialog.h(1,1): warning C4828: 文件包含在偏移 0x110 处开始的字符，该字符在当前源字符集中无效(代码页 65001)。 (编译源文件 finddialog.cpp)
D:\code\QtLearning\04BuidDialog\finddialog.h(1,1): warning C4828: 文件包含在偏移 0x111 处开始的字符，该字符在当前源字符集中无效(代码页 65001)。 (编译源文件 finddialog.cpp)
D:\code\QtLearning\04BuidDialog\finddialog.h(1,1): warning C4828: 文件包含在偏移 0x112 处开始的字符，该字符在当前源字符集中无效(代码页 65001)。 (编译源文件 finddialog.cpp)
D:\code\QtLearning\04BuidDialog\finddialog.h(1,1): warning C4828: 文件包含在偏移 0x115 处开始的字符，该字符在当前源字符集中无效(代码页 65001)。 (编译源文件 finddialog.cpp)
D:\code\QtLearning\04BuidDialog\finddialog.h(1,1): warning C4828: 文件包含在偏移 0x117 处开始的字符，该字符在当前源字符集中无效(代码页 65001)。 (编译源文件 finddialog.cpp)
D:\code\QtLearning\04BuidDialog\finddialog.h(1,1): warning C4828: 文件包含在偏移 0x118 处开始的字符，该字符在当前源字符集中无效(代码页 65001)。 (编译源文件 finddialog.cpp)
D:\code\QtLearning\04BuidDialog\finddialog.h(1,1): warning C4828: 文件包含在偏移 0x119 处开始的字符，该字符在当前源字符集中无效(代码页 65001)。 (编译源文件 finddialog.cpp)
D:\code\QtLearning\04BuidDialog\finddialog.h(1,1): warning C4828: 文件包含在偏移 0x11b 处开始的字符，该字符在当前源字符集中无效(代码页 65001)。 (编译源文件 finddialog.cpp)
D:\code\QtLearning\04BuidDialog\finddialog.h(1,1): warning C4828: 文件包含在偏移 0x11c 处开始的字符，该字符在当前源字符集中无效(代码页 65001)。 (编译源文件 finddialog.cpp)
D:\code\QtLearning\04BuidDialog\finddialog.h(1,1): warning C4828: 文件包含在偏移 0x120 处开始的字符，该字符在当前源字符集中无效(代码页 65001)。 (编译源文件 finddialog.cpp)
D:\code\QtLearning\04BuidDialog\finddialog.h(1,1): warning C4828: 文件包含在偏移 0x124 处开始的字符，该字符在当前源字符集中无效(代码页 65001)。 (编译源文件 finddialog.cpp)
D:\code\QtLearning\04BuidDialog\finddialog.h(1,1): warning C4828: 文件包含在偏移 0x125 处开始的字符，该字符在当前源字符集中无效(代码页 65001)。 (编译源文件 finddialog.cpp)
D:\code\QtLearning\04BuidDialog\finddialog.h(1,1): warning C4828: 文件包含在偏移 0x129 处开始的字符，该字符在当前源字符集中无效(代码页 65001)。 (编译源文件 finddialog.cpp)
D:\code\QtLearning\04BuidDialog\finddialog.h(1,1): warning C4828: 文件包含在偏移 0x12a 处开始的字符，该字符在当前源字符集中无效(代码页 65001)。 (编译源文件 finddialog.cpp)
D:\code\QtLearning\04BuidDialog\finddialog.h(1,1): warning C4828: 文件包含在偏移 0x12c 处开始的字符，该字符在当前源字符集中无效(代码页 65001)。 (编译源文件 finddialog.cpp)
D:\code\QtLearning\04BuidDialog\finddialog.h(1,1): warning C4828: 文件包含在偏移 0x12d 处开始的字符，该字符在当前源字符集中无效(代码页 65001)。 (编译源文件 finddialog.cpp)
D:\code\QtLearning\04BuidDialog\finddialog.h(1,1): warning C4828: 文件包含在偏移 0x12e 处开始的字符，该字符在当前源字符集中无效(代码页 65001)。 (编译源文件 finddialog.cpp)
D:\code\QtLearning\04BuidDialog\finddialog.h(1,1): warning C4828: 文件包含在偏移 0x132 处开始的字符，该字符在当前源字符集中无效(代码页 65001)。 (编译源文件 finddialog.cpp)
D:\code\QtLearning\04BuidDialog\finddialog.h(1,1): warning C4828: 文件包含在偏移 0x134 处开始的字符，该字符在当前源字符集中无效(代码页 65001)。 (编译源文件 finddialog.cpp)
D:\code\QtLearning\04BuidDialog\finddialog.h(1,1): warning C4828: 文件包含在偏移 0x139 处开始的字符，该字符在当前源字符集中无效(代码页 65001)。 (编译源文件 finddialog.cpp)
D:\code\QtLearning\04BuidDialog\finddialog.h(1,1): warning C4828: 文件包含在偏移 0x13a 处开始的字符，该字符在当前源字符集中无效(代码页 65001)。 (编译源文件 finddialog.cpp)
D:\code\QtLearning\04BuidDialog\finddialog.h(1,1): warning C4828: 文件包含在偏移 0x13b 处开始的字符，该字符在当前源字符集中无效(代码页 65001)。 (编译源文件 finddialog.cpp)
D:\code\QtLearning\04BuidDialog\finddialog.h(1,1): warning C4828: 文件包含在偏移 0x141 处开始的字符，该字符在当前源字符集中无效(代码页 65001)。 (编译源文件 finddialog.cpp)
D:\code\QtLearning\04BuidDialog\finddialog.h(1,1): warning C4828: 文件包含在偏移 0x142 处开始的字符，该字符在当前源字符集中无效(代码页 65001)。 (编译源文件 finddialog.cpp)
D:\code\QtLearning\04BuidDialog\finddialog.h(1,1): warning C4828: 文件包含在偏移 0x143 处开始的字符，该字符在当前源字符集中无效(代码页 65001)。 (编译源文件 finddialog.cpp)
D:\code\QtLearning\04BuidDialog\finddialog.h(1,1): warning C4828: 文件包含在偏移 0x145 处开始的字符，该字符在当前源字符集中无效(代码页 65001)。 (编译源文件 finddialog.cpp)
D:\code\QtLearning\04BuidDialog\finddialog.h(1,1): warning C4828: 文件包含在偏移 0x18c 处开始的字符，该字符在当前源字符集中无效(代码页 65001)。 (编译源文件 finddialog.cpp)
D:\code\QtLearning\04BuidDialog\finddialog.h(1,1): warning C4828: 文件包含在偏移 0x190 处开始的字符，该字符在当前源字符集中无效(代码页 65001)。 (编译源文件 finddialog.cpp)
D:\code\QtLearning\04BuidDialog\finddialog.h(1,1): warning C4828: 文件包含在偏移 0x191 处开始的字符，该字符在当前源字符集中无效(代码页 65001)。 (编译源文件 finddialog.cpp)
D:\code\QtLearning\04BuidDialog\finddialog.h(1,1): warning C4828: 文件包含在偏移 0x195 处开始的字符，该字符在当前源字符集中无效(代码页 65001)。 (编译源文件 finddialog.cpp)
D:\code\QtLearning\04BuidDialog\finddialog.h(1,1): warning C4828: 文件包含在偏移 0x197 处开始的字符，该字符在当前源字符集中无效(代码页 65001)。 (编译源文件 finddialog.cpp)
D:\code\QtLearning\04BuidDialog\finddialog.h(1,1): warning C4828: 文件包含在偏移 0x19a 处开始的字符，该字符在当前源字符集中无效(代码页 65001)。 (编译源文件 finddialog.cpp)
D:\code\QtLearning\04BuidDialog\finddialog.h(1,1): warning C4828: 文件包含在偏移 0x19b 处开始的字符，该字符在当前源字符集中无效(代码页 65001)。 (编译源文件 finddialog.cpp)
D:\code\QtLearning\04BuidDialog\finddialog.h(1,1): warning C4828: 文件包含在偏移 0x19c 处开始的字符，该字符在当前源字符集中无效(代码页 65001)。 (编译源文件 finddialog.cpp)
D:\code\QtLearning\04BuidDialog\finddialog.h(1,1): warning C4828: 文件包含在偏移 0x19e 处开始的字符，该字符在当前源字符集中无效(代码页 65001)。 (编译源文件 finddialog.cpp)
D:\code\QtLearning\04BuidDialog\finddialog.h(1,1): warning C4828: 文件包含在偏移 0x1b1 处开始的字符，该字符在当前源字符集中无效(代码页 65001)。 (编译源文件 finddialog.cpp)
D:\code\QtLearning\04BuidDialog\finddialog.h(1,1): warning C4828: 文件包含在偏移 0x1b2 处开始的字符，该字符在当前源字符集中无效(代码页 65001)。 (编译源文件 finddialog.cpp)
D:\code\QtLearning\04BuidDialog\finddialog.h(1,1): warning C4828: 文件包含在偏移 0x2a8 处开始的字符，该字符在当前源字符集中无效(代码页 65001)。 (编译源文件 finddialog.cpp)
D:\code\QtLearning\04BuidDialog\finddialog.h(1,1): warning C4828: 文件包含在偏移 0x2a9 处开始的字符，该字符在当前源字符集中无效(代码页 65001)。 (编译源文件 finddialog.cpp)
D:\code\QtLearning\04BuidDialog\finddialog.h(1,1): warning C4828: 文件包含在偏移 0x2ab 处开始的字符，该字符在当前源字符集中无效(代码页 65001)。 (编译源文件 finddialog.cpp)
D:\code\QtLearning\04BuidDialog\finddialog.h(1,1): warning C4828: 文件包含在偏移 0x2ad 处开始的字符，该字符在当前源字符集中无效(代码页 65001)。 (编译源文件 finddialog.cpp)
D:\code\QtLearning\04BuidDialog\finddialog.h(1,1): warning C4828: 文件包含在偏移 0x2b2 处开始的字符，该字符在当前源字符集中无效(代码页 65001)。 (编译源文件 finddialog.cpp)
D:\code\QtLearning\04BuidDialog\finddialog.h(1,1): warning C4828: 文件包含在偏移 0x2b4 处开始的字符，该字符在当前源字符集中无效(代码页 65001)。 (编译源文件 finddialog.cpp)
D:\code\QtLearning\04BuidDialog\finddialog.h(1,1): warning C4828: 文件包含在偏移 0x2b5 处开始的字符，该字符在当前源字符集中无效(代码页 65001)。 (编译源文件 finddialog.cpp)
D:\code\QtLearning\04BuidDialog\finddialog.h(1,1): warning C4828: 文件包含在偏移 0x2b8 处开始的字符，该字符在当前源字符集中无效(代码页 65001)。 (编译源文件 finddialog.cpp)
D:\code\QtLearning\04BuidDialog\finddialog.h(1,1): warning C4828: 文件包含在偏移 0x2ba 处开始的字符，该字符在当前源字符集中无效(代码页 65001)。 (编译源文件 finddialog.cpp)
D:\code\QtLearning\04BuidDialog\finddialog.h(1,1): warning C4828: 文件包含在偏移 0x2bc 处开始的字符，该字符在当前源字符集中无效(代码页 65001)。 (编译源文件 finddialog.cpp)
D:\code\QtLearning\04BuidDialog\finddialog.h(1,1): warning C4828: 文件包含在偏移 0x2bd 处开始的字符，该字符在当前源字符集中无效(代码页 65001)。 (编译源文件 finddialog.cpp)
D:\code\QtLearning\04BuidDialog\finddialog.h(1,1): warning C4828: 文件包含在偏移 0x2be 处开始的字符，该字符在当前源字符集中无效(代码页 65001)。 (编译源文件 finddialog.cpp)
D:\code\QtLearning\04BuidDialog\finddialog.h(1,1): warning C4828: 文件包含在偏移 0x2c0 处开始的字符，该字符在当前源字符集中无效(代码页 65001)。 (编译源文件 finddialog.cpp)
D:\code\QtLearning\04BuidDialog\finddialog.h(1,1): warning C4828: 文件包含在偏移 0x2c4 处开始的字符，该字符在当前源字符集中无效(代码页 65001)。 (编译源文件 finddialog.cpp)
D:\code\QtLearning\04BuidDialog\finddialog.h(1,1): warning C4828: 文件包含在偏移 0x2c6 处开始的字符，该字符在当前源字符集中无效(代码页 65001)。 (编译源文件 finddialog.cpp)
D:\code\QtLearning\04BuidDialog\finddialog.h(1,1): warning C4828: 文件包含在偏移 0x2c8 处开始的字符，该字符在当前源字符集中无效(代码页 65001)。 (编译源文件 finddialog.cpp)
D:\code\QtLearning\04BuidDialog\finddialog.h(1,1): warning C4828: 文件包含在偏移 0x2ca 处开始的字符，该字符在当前源字符集中无效(代码页 65001)。 (编译源文件 finddialog.cpp)
D:\code\QtLearning\04BuidDialog\finddialog.h(1,1): warning C4828: 文件包含在偏移 0x2cb 处开始的字符，该字符在当前源字符集中无效(代码页 65001)。 (编译源文件 finddialog.cpp)
D:\code\QtLearning\04BuidDialog\finddialog.h(1,1): warning C4828: 文件包含在偏移 0x2cd 处开始的字符，该字符在当前源字符集中无效(代码页 65001)。 (编译源文件 finddialog.cpp)
D:\code\QtLearning\04BuidDialog\finddialog.h(1,1): warning C4828: 文件包含在偏移 0x2ce 处开始的字符，该字符在当前源字符集中无效(代码页 65001)。 (编译源文件 finddialog.cpp)
D:\code\QtLearning\04BuidDialog\finddialog.h(1,1): warning C4828: 文件包含在偏移 0x2d0 处开始的字符，该字符在当前源字符集中无效(代码页 65001)。 (编译源文件 finddialog.cpp)
D:\code\QtLearning\04BuidDialog\finddialog.h(1,1): warning C4828: 文件包含在偏移 0x2d1 处开始的字符，该字符在当前源字符集中无效(代码页 65001)。 (编译源文件 finddialog.cpp)
D:\code\QtLearning\04BuidDialog\finddialog.h(1,1): warning C4828: 文件包含在偏移 0x2d4 处开始的字符，该字符在当前源字符集中无效(代码页 65001)。 (编译源文件 finddialog.cpp)
D:\code\QtLearning\04BuidDialog\finddialog.h(1,1): warning C4828: 文件包含在偏移 0x2d6 处开始的字符，该字符在当前源字符集中无效(代码页 65001)。 (编译源文件 finddialog.cpp)
D:\code\QtLearning\04BuidDialog\finddialog.h(1,1): warning C4828: 文件包含在偏移 0x2d7 处开始的字符，该字符在当前源字符集中无效(代码页 65001)。 (编译源文件 finddialog.cpp)
D:\code\QtLearning\04BuidDialog\finddialog.h(1,1): warning C4828: 文件包含在偏移 0x2de 处开始的字符，该字符在当前源字符集中无效(代码页 65001)。 (编译源文件 finddialog.cpp)
D:\code\QtLearning\04BuidDialog\finddialog.h(1,1): warning C4828: 文件包含在偏移 0x2e0 处开始的字符，该字符在当前源字符集中无效(代码页 65001)。 (编译源文件 finddialog.cpp)
D:\code\QtLearning\04BuidDialog\finddialog.h(1,1): warning C4828: 文件包含在偏移 0x2e2 处开始的字符，该字符在当前源字符集中无效(代码页 65001)。 (编译源文件 finddialog.cpp)
D:\code\QtLearning\04BuidDialog\finddialog.h(1,1): warning C4828: 文件包含在偏移 0x2e3 处开始的字符，该字符在当前源字符集中无效(代码页 65001)。 (编译源文件 finddialog.cpp)
D:\code\QtLearning\04BuidDialog\finddialog.h(1,1): warning C4828: 文件包含在偏移 0x2e9 处开始的字符，该字符在当前源字符集中无效(代码页 65001)。 (编译源文件 finddialog.cpp)
D:\code\QtLearning\04BuidDialog\finddialog.h(1,1): warning C4828: 文件包含在偏移 0x2ea 处开始的字符，该字符在当前源字符集中无效(代码页 65001)。 (编译源文件 finddialog.cpp)
D:\code\QtLearning\04BuidDialog\finddialog.h(1,1): warning C4828: 文件包含在偏移 0x2ee 处开始的字符，该字符在当前源字符集中无效(代码页 65001)。 (编译源文件 finddialog.cpp)
D:\code\QtLearning\04BuidDialog\finddialog.h(1,1): warning C4828: 文件包含在偏移 0x2f0 处开始的字符，该字符在当前源字符集中无效(代码页 65001)。 (编译源文件 finddialog.cpp)
D:\code\QtLearning\04BuidDialog\finddialog.h(1,1): warning C4828: 文件包含在偏移 0x2f2 处开始的字符，该字符在当前源字符集中无效(代码页 65001)。 (编译源文件 finddialog.cpp)
D:\code\QtLearning\04BuidDialog\finddialog.h(1,1): warning C4828: 文件包含在偏移 0x2f6 处开始的字符，该字符在当前源字符集中无效(代码页 65001)。 (编译源文件 finddialog.cpp)
D:\code\QtLearning\04BuidDialog\finddialog.h(1,1): warning C4828: 文件包含在偏移 0x2f8 处开始的字符，该字符在当前源字符集中无效(代码页 65001)。 (编译源文件 finddialog.cpp)
D:\code\QtLearning\04BuidDialog\finddialog.h(1,1): warning C4828: 文件包含在偏移 0x2f9 处开始的字符，该字符在当前源字符集中无效(代码页 65001)。 (编译源文件 finddialog.cpp)
D:\code\QtLearning\04BuidDialog\finddialog.h(1,1): warning C4828: 文件包含在偏移 0x2fa 处开始的字符，该字符在当前源字符集中无效(代码页 65001)。 (编译源文件 finddialog.cpp)
D:\code\QtLearning\04BuidDialog\finddialog.h(1,1): warning C4828: 文件包含在偏移 0x2fb 处开始的字符，该字符在当前源字符集中无效(代码页 65001)。 (编译源文件 finddialog.cpp)
D:\code\QtLearning\04BuidDialog\finddialog.h(1,1): warning C4828: 文件包含在偏移 0x2fc 处开始的字符，该字符在当前源字符集中无效(代码页 65001)。 (编译源文件 finddialog.cpp)
D:\code\QtLearning\04BuidDialog\finddialog.h(1,1): warning C4828: 文件包含在偏移 0x300 处开始的字符，该字符在当前源字符集中无效(代码页 65001)。 (编译源文件 finddialog.cpp)
D:\code\QtLearning\04BuidDialog\finddialog.h(1,1): warning C4828: 文件包含在偏移 0x302 处开始的字符，该字符在当前源字符集中无效(代码页 65001)。 (编译源文件 finddialog.cpp)
D:\code\QtLearning\04BuidDialog\finddialog.h(1,1): warning C4828: 文件包含在偏移 0x303 处开始的字符，该字符在当前源字符集中无效(代码页 65001)。 (编译源文件 finddialog.cpp)
D:\code\QtLearning\04BuidDialog\finddialog.h(1,1): warning C4828: 文件包含在偏移 0x305 处开始的字符，该字符在当前源字符集中无效(代码页 65001)。 (编译源文件 finddialog.cpp)
D:\code\QtLearning\04BuidDialog\finddialog.h(1,1): warning C4828: 文件包含在偏移 0x306 处开始的字符，该字符在当前源字符集中无效(代码页 65001)。 (编译源文件 finddialog.cpp)
D:\code\QtLearning\04BuidDialog\finddialog.h(1,1): warning C4828: 文件包含在偏移 0x30a 处开始的字符，该字符在当前源字符集中无效(代码页 65001)。 (编译源文件 finddialog.cpp)
D:\code\QtLearning\04BuidDialog\finddialog.h(1,1): warning C4828: 文件包含在偏移 0x30c 处开始的字符，该字符在当前源字符集中无效(代码页 65001)。 (编译源文件 finddialog.cpp)
D:\code\QtLearning\04BuidDialog\finddialog.h(1,1): warning C4828: 文件包含在偏移 0x30d 处开始的字符，该字符在当前源字符集中无效(代码页 65001)。 (编译源文件 finddialog.cpp)
D:\code\QtLearning\04BuidDialog\finddialog.h(1,1): warning C4828: 文件包含在偏移 0x30e 处开始的字符，该字符在当前源字符集中无效(代码页 65001)。 (编译源文件 finddialog.cpp)
D:\code\QtLearning\04BuidDialog\finddialog.h(1,1): warning C4828: 文件包含在偏移 0x310 处开始的字符，该字符在当前源字符集中无效(代码页 65001)。 (编译源文件 finddialog.cpp)
D:\code\QtLearning\04BuidDialog\finddialog.h(1,1): warning C4828: 文件包含在偏移 0x311 处开始的字符，该字符在当前源字符集中无效(代码页 65001)。 (编译源文件 finddialog.cpp)
D:\code\QtLearning\04BuidDialog\finddialog.h(1,1): warning C4828: 文件包含在偏移 0x313 处开始的字符，该字符在当前源字符集中无效(代码页 65001)。 (编译源文件 finddialog.cpp)
D:\code\QtLearning\04BuidDialog\finddialog.h(1,1): warning C4828: 文件包含在偏移 0x314 处开始的字符，该字符在当前源字符集中无效(代码页 65001)。 (编译源文件 finddialog.cpp)
D:\code\QtLearning\04BuidDialog\finddialog.h(1,1): warning C4828: 文件包含在偏移 0x315 处开始的字符，该字符在当前源字符集中无效(代码页 65001)。 (编译源文件 finddialog.cpp)
D:\code\QtLearning\04BuidDialog\finddialog.h(1,1): warning C4828: 文件包含在偏移 0x317 处开始的字符，该字符在当前源字符集中无效(代码页 65001)。 (编译源文件 finddialog.cpp)
D:\code\QtLearning\04BuidDialog\finddialog.h(1,1): warning C4828: 文件包含在偏移 0x319 处开始的字符，该字符在当前源字符集中无效(代码页 65001)。 (编译源文件 finddialog.cpp)
D:\code\QtLearning\04BuidDialog\finddialog.h(1,1): warning C4828: 文件包含在偏移 0x31a 处开始的字符，该字符在当前源字符集中无效(代码页 65001)。 (编译源文件 finddialog.cpp)
D:\code\QtLearning\04BuidDialog\finddialog.h(1,1): warning C4828: 文件包含在偏移 0x31c 处开始的字符，该字符在当前源字符集中无效(代码页 65001)。 (编译源文件 finddialog.cpp)
D:\code\QtLearning\04BuidDialog\finddialog.h(1,1): warning C4828: 文件包含在偏移 0x31d 处开始的字符，该字符在当前源字符集中无效(代码页 65001)。 (编译源文件 finddialog.cpp)
D:\code\QtLearning\04BuidDialog\finddialog.h(1,1): warning C4828: 文件包含在偏移 0x31e 处开始的字符，该字符在当前源字符集中无效(代码页 65001)。 (编译源文件 finddialog.cpp)
D:\code\QtLearning\04BuidDialog\finddialog.h(1,1): warning C4828: 文件包含在偏移 0x320 处开始的字符，该字符在当前源字符集中无效(代码页 65001)。 (编译源文件 finddialog.cpp)
D:\code\QtLearning\04BuidDialog\finddialog.h(1,1): warning C4828: 文件包含在偏移 0x321 处开始的字符，该字符在当前源字符集中无效(代码页 65001)。 (编译源文件 finddialog.cpp)
D:\code\QtLearning\04BuidDialog\finddialog.h(1,1): warning C4828: 文件包含在偏移 0x322 处开始的字符，该字符在当前源字符集中无效(代码页 65001)。 (编译源文件 finddialog.cpp)
D:\code\QtLearning\04BuidDialog\finddialog.h(1,1): warning C4828: 文件包含在偏移 0x323 处开始的字符，该字符在当前源字符集中无效(代码页 65001)。 (编译源文件 finddialog.cpp)
D:\code\QtLearning\04BuidDialog\finddialog.h(1,1): warning C4828: 文件包含在偏移 0x326 处开始的字符，该字符在当前源字符集中无效(代码页 65001)。 (编译源文件 finddialog.cpp)
D:\code\QtLearning\04BuidDialog\finddialog.h(1,1): warning C4828: 文件包含在偏移 0x327 处开始的字符，该字符在当前源字符集中无效(代码页 65001)。 (编译源文件 finddialog.cpp)
D:\code\QtLearning\04BuidDialog\finddialog.h(1,1): warning C4828: 文件包含在偏移 0x329 处开始的字符，该字符在当前源字符集中无效(代码页 65001)。 (编译源文件 finddialog.cpp)
D:\code\QtLearning\04BuidDialog\finddialog.h(1,1): warning C4828: 文件包含在偏移 0x32d 处开始的字符，该字符在当前源字符集中无效(代码页 65001)。 (编译源文件 finddialog.cpp)
D:\code\QtLearning\04BuidDialog\finddialog.h(1,1): warning C4828: 文件包含在偏移 0x32f 处开始的字符，该字符在当前源字符集中无效(代码页 65001)。 (编译源文件 finddialog.cpp)
D:\code\QtLearning\04BuidDialog\finddialog.h(1,1): warning C4828: 文件包含在偏移 0x334 处开始的字符，该字符在当前源字符集中无效(代码页 65001)。 (编译源文件 finddialog.cpp)
D:\code\QtLearning\04BuidDialog\finddialog.h(1,1): warning C4828: 文件包含在偏移 0x335 处开始的字符，该字符在当前源字符集中无效(代码页 65001)。 (编译源文件 finddialog.cpp)
D:\code\QtLearning\04BuidDialog\finddialog.h(1,1): warning C4828: 文件包含在偏移 0x338 处开始的字符，该字符在当前源字符集中无效(代码页 65001)。 (编译源文件 finddialog.cpp)
D:\code\QtLearning\04BuidDialog\finddialog.h(1,1): warning C4828: 文件包含在偏移 0x33a 处开始的字符，该字符在当前源字符集中无效(代码页 65001)。 (编译源文件 finddialog.cpp)
D:\code\QtLearning\04BuidDialog\finddialog.h(1,1): warning C4828: 文件包含在偏移 0x33c 处开始的字符，该字符在当前源字符集中无效(代码页 65001)。 (编译源文件 finddialog.cpp)
D:\code\QtLearning\04BuidDialog\finddialog.h(1,1): warning C4828: 文件包含在偏移 0x33d 处开始的字符，该字符在当前源字符集中无效(代码页 65001)。 (编译源文件 finddialog.cpp)
D:\code\QtLearning\04BuidDialog\finddialog.h(1,1): warning C4828: 文件包含在偏移 0x33e 处开始的字符，该字符在当前源字符集中无效(代码页 65001)。 (编译源文件 finddialog.cpp)
D:\code\QtLearning\04BuidDialog\finddialog.h(1,1): warning C4828: 文件包含在偏移 0x340 处开始的字符，该字符在当前源字符集中无效(代码页 65001)。 (编译源文件 finddialog.cpp)
D:\code\QtLearning\04BuidDialog\finddialog.h(1,1): warning C4828: 文件包含在偏移 0x341 处开始的字符，该字符在当前源字符集中无效(代码页 65001)。 (编译源文件 finddialog.cpp)
D:\code\QtLearning\04BuidDialog\finddialog.h(1,1): warning C4828: 文件包含在偏移 0x348 处开始的字符，该字符在当前源字符集中无效(代码页 65001)。 (编译源文件 finddialog.cpp)
D:\code\QtLearning\04BuidDialog\finddialog.h(1,1): warning C4828: 文件包含在偏移 0x34a 处开始的字符，该字符在当前源字符集中无效(代码页 65001)。 (编译源文件 finddialog.cpp)
D:\code\QtLearning\04BuidDialog\finddialog.h(1,1): warning C4828: 文件包含在偏移 0x34c 处开始的字符，该字符在当前源字符集中无效(代码页 65001)。 (编译源文件 finddialog.cpp)
D:\code\QtLearning\04BuidDialog\finddialog.h(1,1): warning C4828: 文件包含在偏移 0x34d 处开始的字符，该字符在当前源字符集中无效(代码页 65001)。 (编译源文件 finddialog.cpp)
D:\code\QtLearning\04BuidDialog\finddialog.h(1,1): warning C4828: 文件包含在偏移 0x34f 处开始的字符，该字符在当前源字符集中无效(代码页 65001)。 (编译源文件 finddialog.cpp)
D:\code\QtLearning\04BuidDialog\finddialog.h(1,1): warning C4828: 文件包含在偏移 0x351 处开始的字符，该字符在当前源字符集中无效(代码页 65001)。 (编译源文件 finddialog.cpp)
D:\code\QtLearning\04BuidDialog\finddialog.h(1,1): warning C4828: 文件包含在偏移 0x352 处开始的字符，该字符在当前源字符集中无效(代码页 65001)。 (编译源文件 finddialog.cpp)
D:\code\QtLearning\04BuidDialog\finddialog.h(1,1): warning C4828: 文件包含在偏移 0x355 处开始的字符，该字符在当前源字符集中无效(代码页 65001)。 (编译源文件 finddialog.cpp)
D:\code\QtLearning\04BuidDialog\finddialog.h(1,1): warning C4828: 文件包含在偏移 0x358 处开始的字符，该字符在当前源字符集中无效(代码页 65001)。 (编译源文件 finddialog.cpp)
D:\code\QtLearning\04BuidDialog\finddialog.h(1,1): warning C4828: 文件包含在偏移 0x359 处开始的字符，该字符在当前源字符集中无效(代码页 65001)。 (编译源文件 finddialog.cpp)
D:\code\QtLearning\04BuidDialog\finddialog.h(1,1): warning C4828: 文件包含在偏移 0x35a 处开始的字符，该字符在当前源字符集中无效(代码页 65001)。 (编译源文件 finddialog.cpp)
D:\code\QtLearning\04BuidDialog\finddialog.h(1,1): warning C4828: 文件包含在偏移 0x35b 处开始的字符，该字符在当前源字符集中无效(代码页 65001)。 (编译源文件 finddialog.cpp)
D:\code\QtLearning\04BuidDialog\finddialog.h(1,1): warning C4828: 文件包含在偏移 0x35e 处开始的字符，该字符在当前源字符集中无效(代码页 65001)。 (编译源文件 finddialog.cpp)
D:\code\QtLearning\04BuidDialog\finddialog.h(1,1): warning C4828: 文件包含在偏移 0x35f 处开始的字符，该字符在当前源字符集中无效(代码页 65001)。 (编译源文件 finddialog.cpp)
  moc_mainwindow.cpp
  moc_finddialog.cpp
D:\code\QtLearning\04BuidDialog\finddialog.h(1,1): warning C4828: 文件包含在偏移 0x98 处开始的字符，该字符在当前源字符集中无效(代码页 65001)。 (编译源文件 Debug\moc_finddialog.cpp)
D:\code\QtLearning\04BuidDialog\finddialog.h(1,1): warning C4828: 文件包含在偏移 0x99 处开始的字符，该字符在当前源字符集中无效(代码页 65001)。 (编译源文件 Debug\moc_finddialog.cpp)
D:\code\QtLearning\04BuidDialog\finddialog.h(1,1): warning C4828: 文件包含在偏移 0x9b 处开始的字符，该字符在当前源字符集中无效(代码页 65001)。 (编译源文件 Debug\moc_finddialog.cpp)
D:\code\QtLearning\04BuidDialog\finddialog.h(1,1): warning C4828: 文件包含在偏移 0x9d 处开始的字符，该字符在当前源字符集中无效(代码页 65001)。 (编译源文件 Debug\moc_finddialog.cpp)
D:\code\QtLearning\04BuidDialog\finddialog.h(1,1): warning C4828: 文件包含在偏移 0x9e 处开始的字符，该字符在当前源字符集中无效(代码页 65001)。 (编译源文件 Debug\moc_finddialog.cpp)
D:\code\QtLearning\04BuidDialog\finddialog.h(1,1): warning C4828: 文件包含在偏移 0xa0 处开始的字符，该字符在当前源字符集中无效(代码页 65001)。 (编译源文件 Debug\moc_finddialog.cpp)
D:\code\QtLearning\04BuidDialog\finddialog.h(1,1): warning C4828: 文件包含在偏移 0xa1 处开始的字符，该字符在当前源字符集中无效(代码页 65001)。 (编译源文件 Debug\moc_finddialog.cpp)
D:\code\QtLearning\04BuidDialog\finddialog.h(1,1): warning C4828: 文件包含在偏移 0xa2 处开始的字符，该字符在当前源字符集中无效(代码页 65001)。 (编译源文件 Debug\moc_finddialog.cpp)
D:\code\QtLearning\04BuidDialog\finddialog.h(1,1): warning C4828: 文件包含在偏移 0xa4 处开始的字符，该字符在当前源字符集中无效(代码页 65001)。 (编译源文件 Debug\moc_finddialog.cpp)
D:\code\QtLearning\04BuidDialog\finddialog.h(1,1): warning C4828: 文件包含在偏移 0xa5 处开始的字符，该字符在当前源字符集中无效(代码页 65001)。 (编译源文件 Debug\moc_finddialog.cpp)
D:\code\QtLearning\04BuidDialog\finddialog.h(1,1): warning C4828: 文件包含在偏移 0xaf 处开始的字符，该字符在当前源字符集中无效(代码页 65001)。 (编译源文件 Debug\moc_finddialog.cpp)
D:\code\QtLearning\04BuidDialog\finddialog.h(1,1): warning C4828: 文件包含在偏移 0xb4 处开始的字符，该字符在当前源字符集中无效(代码页 65001)。 (编译源文件 Debug\moc_finddialog.cpp)
D:\code\QtLearning\04BuidDialog\finddialog.h(1,1): warning C4828: 文件包含在偏移 0xb6 处开始的字符，该字符在当前源字符集中无效(代码页 65001)。 (编译源文件 Debug\moc_finddialog.cpp)
D:\code\QtLearning\04BuidDialog\finddialog.h(1,1): warning C4828: 文件包含在偏移 0xba 处开始的字符，该字符在当前源字符集中无效(代码页 65001)。 (编译源文件 Debug\moc_finddialog.cpp)
D:\code\QtLearning\04BuidDialog\finddialog.h(1,1): warning C4828: 文件包含在偏移 0xbc 处开始的字符，该字符在当前源字符集中无效(代码页 65001)。 (编译源文件 Debug\moc_finddialog.cpp)
D:\code\QtLearning\04BuidDialog\finddialog.h(1,1): warning C4828: 文件包含在偏移 0xbd 处开始的字符，该字符在当前源字符集中无效(代码页 65001)。 (编译源文件 Debug\moc_finddialog.cpp)
D:\code\QtLearning\04BuidDialog\finddialog.h(1,1): warning C4828: 文件包含在偏移 0xc0 处开始的字符，该字符在当前源字符集中无效(代码页 65001)。 (编译源文件 Debug\moc_finddialog.cpp)
D:\code\QtLearning\04BuidDialog\finddialog.h(1,1): warning C4828: 文件包含在偏移 0xc1 处开始的字符，该字符在当前源字符集中无效(代码页 65001)。 (编译源文件 Debug\moc_finddialog.cpp)
D:\code\QtLearning\04BuidDialog\finddialog.h(1,1): warning C4828: 文件包含在偏移 0xc2 处开始的字符，该字符在当前源字符集中无效(代码页 65001)。 (编译源文件 Debug\moc_finddialog.cpp)
D:\code\QtLearning\04BuidDialog\finddialog.h(1,1): warning C4828: 文件包含在偏移 0xc3 处开始的字符，该字符在当前源字符集中无效(代码页 65001)。 (编译源文件 Debug\moc_finddialog.cpp)
D:\code\QtLearning\04BuidDialog\finddialog.h(1,1): warning C4828: 文件包含在偏移 0xcc 处开始的字符，该字符在当前源字符集中无效(代码页 65001)。 (编译源文件 Debug\moc_finddialog.cpp)
D:\code\QtLearning\04BuidDialog\finddialog.h(1,1): warning C4828: 文件包含在偏移 0xd0 处开始的字符，该字符在当前源字符集中无效(代码页 65001)。 (编译源文件 Debug\moc_finddialog.cpp)
D:\code\QtLearning\04BuidDialog\finddialog.h(1,1): warning C4828: 文件包含在偏移 0xd2 处开始的字符，该字符在当前源字符集中无效(代码页 65001)。 (编译源文件 Debug\moc_finddialog.cpp)
D:\code\QtLearning\04BuidDialog\finddialog.h(1,1): warning C4828: 文件包含在偏移 0xd3 处开始的字符，该字符在当前源字符集中无效(代码页 65001)。 (编译源文件 Debug\moc_finddialog.cpp)
D:\code\QtLearning\04BuidDialog\finddialog.h(1,1): warning C4828: 文件包含在偏移 0xd5 处开始的字符，该字符在当前源字符集中无效(代码页 65001)。 (编译源文件 Debug\moc_finddialog.cpp)
D:\code\QtLearning\04BuidDialog\finddialog.h(1,1): warning C4828: 文件包含在偏移 0xf8 处开始的字符，该字符在当前源字符集中无效(代码页 65001)。 (编译源文件 Debug\moc_finddialog.cpp)
D:\code\QtLearning\04BuidDialog\finddialog.h(1,1): warning C4828: 文件包含在偏移 0xf9 处开始的字符，该字符在当前源字符集中无效(代码页 65001)。 (编译源文件 Debug\moc_finddialog.cpp)
D:\code\QtLearning\04BuidDialog\finddialog.h(1,1): warning C4828: 文件包含在偏移 0xfb 处开始的字符，该字符在当前源字符集中无效(代码页 65001)。 (编译源文件 Debug\moc_finddialog.cpp)
D:\code\QtLearning\04BuidDialog\finddialog.h(1,1): warning C4828: 文件包含在偏移 0xfe 处开始的字符，该字符在当前源字符集中无效(代码页 65001)。 (编译源文件 Debug\moc_finddialog.cpp)
D:\code\QtLearning\04BuidDialog\finddialog.h(1,1): warning C4828: 文件包含在偏移 0xff 处开始的字符，该字符在当前源字符集中无效(代码页 65001)。 (编译源文件 Debug\moc_finddialog.cpp)
D:\code\QtLearning\04BuidDialog\finddialog.h(1,1): warning C4828: 文件包含在偏移 0x100 处开始的字符，该字符在当前源字符集中无效(代码页 65001)。 (编译源文件 Debug\moc_finddialog.cpp)
D:\code\QtLearning\04BuidDialog\finddialog.h(1,1): warning C4828: 文件包含在偏移 0x101 处开始的字符，该字符在当前源字符集中无效(代码页 65001)。 (编译源文件 Debug\moc_finddialog.cpp)
D:\code\QtLearning\04BuidDialog\finddialog.h(1,1): warning C4828: 文件包含在偏移 0x103 处开始的字符，该字符在当前源字符集中无效(代码页 65001)。 (编译源文件 Debug\moc_finddialog.cpp)
D:\code\QtLearning\04BuidDialog\finddialog.h(1,1): warning C4828: 文件包含在偏移 0x104 处开始的字符，该字符在当前源字符集中无效(代码页 65001)。 (编译源文件 Debug\moc_finddialog.cpp)
D:\code\QtLearning\04BuidDialog\finddialog.h(1,1): warning C4828: 文件包含在偏移 0x107 处开始的字符，该字符在当前源字符集中无效(代码页 65001)。 (编译源文件 Debug\moc_finddialog.cpp)
D:\code\QtLearning\04BuidDialog\finddialog.h(1,1): warning C4828: 文件包含在偏移 0x108 处开始的字符，该字符在当前源字符集中无效(代码页 65001)。 (编译源文件 Debug\moc_finddialog.cpp)
D:\code\QtLearning\04BuidDialog\finddialog.h(1,1): warning C4828: 文件包含在偏移 0x109 处开始的字符，该字符在当前源字符集中无效(代码页 65001)。 (编译源文件 Debug\moc_finddialog.cpp)
D:\code\QtLearning\04BuidDialog\finddialog.h(1,1): warning C4828: 文件包含在偏移 0x10a 处开始的字符，该字符在当前源字符集中无效(代码页 65001)。 (编译源文件 Debug\moc_finddialog.cpp)
D:\code\QtLearning\04BuidDialog\finddialog.h(1,1): warning C4828: 文件包含在偏移 0x10d 处开始的字符，该字符在当前源字符集中无效(代码页 65001)。 (编译源文件 Debug\moc_finddialog.cpp)
D:\code\QtLearning\04BuidDialog\finddialog.h(1,1): warning C4828: 文件包含在偏移 0x10e 处开始的字符，该字符在当前源字符集中无效(代码页 65001)。 (编译源文件 Debug\moc_finddialog.cpp)
D:\code\QtLearning\04BuidDialog\finddialog.h(1,1): warning C4828: 文件包含在偏移 0x10f 处开始的字符，该字符在当前源字符集中无效(代码页 65001)。 (编译源文件 Debug\moc_finddialog.cpp)
D:\code\QtLearning\04BuidDialog\finddialog.h(1,1): warning C4828: 文件包含在偏移 0x110 处开始的字符，该字符在当前源字符集中无效(代码页 65001)。 (编译源文件 Debug\moc_finddialog.cpp)
D:\code\QtLearning\04BuidDialog\finddialog.h(1,1): warning C4828: 文件包含在偏移 0x111 处开始的字符，该字符在当前源字符集中无效(代码页 65001)。 (编译源文件 Debug\moc_finddialog.cpp)
D:\code\QtLearning\04BuidDialog\finddialog.h(1,1): warning C4828: 文件包含在偏移 0x112 处开始的字符，该字符在当前源字符集中无效(代码页 65001)。 (编译源文件 Debug\moc_finddialog.cpp)
D:\code\QtLearning\04BuidDialog\finddialog.h(1,1): warning C4828: 文件包含在偏移 0x115 处开始的字符，该字符在当前源字符集中无效(代码页 65001)。 (编译源文件 Debug\moc_finddialog.cpp)
D:\code\QtLearning\04BuidDialog\finddialog.h(1,1): warning C4828: 文件包含在偏移 0x117 处开始的字符，该字符在当前源字符集中无效(代码页 65001)。 (编译源文件 Debug\moc_finddialog.cpp)
D:\code\QtLearning\04BuidDialog\finddialog.h(1,1): warning C4828: 文件包含在偏移 0x118 处开始的字符，该字符在当前源字符集中无效(代码页 65001)。 (编译源文件 Debug\moc_finddialog.cpp)
D:\code\QtLearning\04BuidDialog\finddialog.h(1,1): warning C4828: 文件包含在偏移 0x119 处开始的字符，该字符在当前源字符集中无效(代码页 65001)。 (编译源文件 Debug\moc_finddialog.cpp)
D:\code\QtLearning\04BuidDialog\finddialog.h(1,1): warning C4828: 文件包含在偏移 0x11b 处开始的字符，该字符在当前源字符集中无效(代码页 65001)。 (编译源文件 Debug\moc_finddialog.cpp)
D:\code\QtLearning\04BuidDialog\finddialog.h(1,1): warning C4828: 文件包含在偏移 0x11c 处开始的字符，该字符在当前源字符集中无效(代码页 65001)。 (编译源文件 Debug\moc_finddialog.cpp)
D:\code\QtLearning\04BuidDialog\finddialog.h(1,1): warning C4828: 文件包含在偏移 0x120 处开始的字符，该字符在当前源字符集中无效(代码页 65001)。 (编译源文件 Debug\moc_finddialog.cpp)
D:\code\QtLearning\04BuidDialog\finddialog.h(1,1): warning C4828: 文件包含在偏移 0x124 处开始的字符，该字符在当前源字符集中无效(代码页 65001)。 (编译源文件 Debug\moc_finddialog.cpp)
D:\code\QtLearning\04BuidDialog\finddialog.h(1,1): warning C4828: 文件包含在偏移 0x125 处开始的字符，该字符在当前源字符集中无效(代码页 65001)。 (编译源文件 Debug\moc_finddialog.cpp)
D:\code\QtLearning\04BuidDialog\finddialog.h(1,1): warning C4828: 文件包含在偏移 0x129 处开始的字符，该字符在当前源字符集中无效(代码页 65001)。 (编译源文件 Debug\moc_finddialog.cpp)
D:\code\QtLearning\04BuidDialog\finddialog.h(1,1): warning C4828: 文件包含在偏移 0x12a 处开始的字符，该字符在当前源字符集中无效(代码页 65001)。 (编译源文件 Debug\moc_finddialog.cpp)
D:\code\QtLearning\04BuidDialog\finddialog.h(1,1): warning C4828: 文件包含在偏移 0x12c 处开始的字符，该字符在当前源字符集中无效(代码页 65001)。 (编译源文件 Debug\moc_finddialog.cpp)
D:\code\QtLearning\04BuidDialog\finddialog.h(1,1): warning C4828: 文件包含在偏移 0x12d 处开始的字符，该字符在当前源字符集中无效(代码页 65001)。 (编译源文件 Debug\moc_finddialog.cpp)
D:\code\QtLearning\04BuidDialog\finddialog.h(1,1): warning C4828: 文件包含在偏移 0x12e 处开始的字符，该字符在当前源字符集中无效(代码页 65001)。 (编译源文件 Debug\moc_finddialog.cpp)
D:\code\QtLearning\04BuidDialog\finddialog.h(1,1): warning C4828: 文件包含在偏移 0x132 处开始的字符，该字符在当前源字符集中无效(代码页 65001)。 (编译源文件 Debug\moc_finddialog.cpp)
D:\code\QtLearning\04BuidDialog\finddialog.h(1,1): warning C4828: 文件包含在偏移 0x134 处开始的字符，该字符在当前源字符集中无效(代码页 65001)。 (编译源文件 Debug\moc_finddialog.cpp)
D:\code\QtLearning\04BuidDialog\finddialog.h(1,1): warning C4828: 文件包含在偏移 0x139 处开始的字符，该字符在当前源字符集中无效(代码页 65001)。 (编译源文件 Debug\moc_finddialog.cpp)
D:\code\QtLearning\04BuidDialog\finddialog.h(1,1): warning C4828: 文件包含在偏移 0x13a 处开始的字符，该字符在当前源字符集中无效(代码页 65001)。 (编译源文件 Debug\moc_finddialog.cpp)
D:\code\QtLearning\04BuidDialog\finddialog.h(1,1): warning C4828: 文件包含在偏移 0x13b 处开始的字符，该字符在当前源字符集中无效(代码页 65001)。 (编译源文件 Debug\moc_finddialog.cpp)
D:\code\QtLearning\04BuidDialog\finddialog.h(1,1): warning C4828: 文件包含在偏移 0x141 处开始的字符，该字符在当前源字符集中无效(代码页 65001)。 (编译源文件 Debug\moc_finddialog.cpp)
D:\code\QtLearning\04BuidDialog\finddialog.h(1,1): warning C4828: 文件包含在偏移 0x142 处开始的字符，该字符在当前源字符集中无效(代码页 65001)。 (编译源文件 Debug\moc_finddialog.cpp)
D:\code\QtLearning\04BuidDialog\finddialog.h(1,1): warning C4828: 文件包含在偏移 0x143 处开始的字符，该字符在当前源字符集中无效(代码页 65001)。 (编译源文件 Debug\moc_finddialog.cpp)
D:\code\QtLearning\04BuidDialog\finddialog.h(1,1): warning C4828: 文件包含在偏移 0x145 处开始的字符，该字符在当前源字符集中无效(代码页 65001)。 (编译源文件 Debug\moc_finddialog.cpp)
D:\code\QtLearning\04BuidDialog\finddialog.h(1,1): warning C4828: 文件包含在偏移 0x18c 处开始的字符，该字符在当前源字符集中无效(代码页 65001)。 (编译源文件 Debug\moc_finddialog.cpp)
D:\code\QtLearning\04BuidDialog\finddialog.h(1,1): warning C4828: 文件包含在偏移 0x190 处开始的字符，该字符在当前源字符集中无效(代码页 65001)。 (编译源文件 Debug\moc_finddialog.cpp)
D:\code\QtLearning\04BuidDialog\finddialog.h(1,1): warning C4828: 文件包含在偏移 0x191 处开始的字符，该字符在当前源字符集中无效(代码页 65001)。 (编译源文件 Debug\moc_finddialog.cpp)
D:\code\QtLearning\04BuidDialog\finddialog.h(1,1): warning C4828: 文件包含在偏移 0x195 处开始的字符，该字符在当前源字符集中无效(代码页 65001)。 (编译源文件 Debug\moc_finddialog.cpp)
D:\code\QtLearning\04BuidDialog\finddialog.h(1,1): warning C4828: 文件包含在偏移 0x197 处开始的字符，该字符在当前源字符集中无效(代码页 65001)。 (编译源文件 Debug\moc_finddialog.cpp)
D:\code\QtLearning\04BuidDialog\finddialog.h(1,1): warning C4828: 文件包含在偏移 0x19a 处开始的字符，该字符在当前源字符集中无效(代码页 65001)。 (编译源文件 Debug\moc_finddialog.cpp)
D:\code\QtLearning\04BuidDialog\finddialog.h(1,1): warning C4828: 文件包含在偏移 0x19b 处开始的字符，该字符在当前源字符集中无效(代码页 65001)。 (编译源文件 Debug\moc_finddialog.cpp)
D:\code\QtLearning\04BuidDialog\finddialog.h(1,1): warning C4828: 文件包含在偏移 0x19c 处开始的字符，该字符在当前源字符集中无效(代码页 65001)。 (编译源文件 Debug\moc_finddialog.cpp)
D:\code\QtLearning\04BuidDialog\finddialog.h(1,1): warning C4828: 文件包含在偏移 0x19e 处开始的字符，该字符在当前源字符集中无效(代码页 65001)。 (编译源文件 Debug\moc_finddialog.cpp)
D:\code\QtLearning\04BuidDialog\finddialog.h(1,1): warning C4828: 文件包含在偏移 0x1b1 处开始的字符，该字符在当前源字符集中无效(代码页 65001)。 (编译源文件 Debug\moc_finddialog.cpp)
D:\code\QtLearning\04BuidDialog\finddialog.h(1,1): warning C4828: 文件包含在偏移 0x1b2 处开始的字符，该字符在当前源字符集中无效(代码页 65001)。 (编译源文件 Debug\moc_finddialog.cpp)
D:\code\QtLearning\04BuidDialog\finddialog.h(1,1): warning C4828: 文件包含在偏移 0x2a8 处开始的字符，该字符在当前源字符集中无效(代码页 65001)。 (编译源文件 Debug\moc_finddialog.cpp)
D:\code\QtLearning\04BuidDialog\finddialog.h(1,1): warning C4828: 文件包含在偏移 0x2a9 处开始的字符，该字符在当前源字符集中无效(代码页 65001)。 (编译源文件 Debug\moc_finddialog.cpp)
D:\code\QtLearning\04BuidDialog\finddialog.h(1,1): warning C4828: 文件包含在偏移 0x2ab 处开始的字符，该字符在当前源字符集中无效(代码页 65001)。 (编译源文件 Debug\moc_finddialog.cpp)
D:\code\QtLearning\04BuidDialog\finddialog.h(1,1): warning C4828: 文件包含在偏移 0x2ad 处开始的字符，该字符在当前源字符集中无效(代码页 65001)。 (编译源文件 Debug\moc_finddialog.cpp)
D:\code\QtLearning\04BuidDialog\finddialog.h(1,1): warning C4828: 文件包含在偏移 0x2b2 处开始的字符，该字符在当前源字符集中无效(代码页 65001)。 (编译源文件 Debug\moc_finddialog.cpp)
D:\code\QtLearning\04BuidDialog\finddialog.h(1,1): warning C4828: 文件包含在偏移 0x2b4 处开始的字符，该字符在当前源字符集中无效(代码页 65001)。 (编译源文件 Debug\moc_finddialog.cpp)
D:\code\QtLearning\04BuidDialog\finddialog.h(1,1): warning C4828: 文件包含在偏移 0x2b5 处开始的字符，该字符在当前源字符集中无效(代码页 65001)。 (编译源文件 Debug\moc_finddialog.cpp)
D:\code\QtLearning\04BuidDialog\finddialog.h(1,1): warning C4828: 文件包含在偏移 0x2b8 处开始的字符，该字符在当前源字符集中无效(代码页 65001)。 (编译源文件 Debug\moc_finddialog.cpp)
D:\code\QtLearning\04BuidDialog\finddialog.h(1,1): warning C4828: 文件包含在偏移 0x2ba 处开始的字符，该字符在当前源字符集中无效(代码页 65001)。 (编译源文件 Debug\moc_finddialog.cpp)
D:\code\QtLearning\04BuidDialog\finddialog.h(1,1): warning C4828: 文件包含在偏移 0x2bc 处开始的字符，该字符在当前源字符集中无效(代码页 65001)。 (编译源文件 Debug\moc_finddialog.cpp)
D:\code\QtLearning\04BuidDialog\finddialog.h(1,1): warning C4828: 文件包含在偏移 0x2bd 处开始的字符，该字符在当前源字符集中无效(代码页 65001)。 (编译源文件 Debug\moc_finddialog.cpp)
D:\code\QtLearning\04BuidDialog\finddialog.h(1,1): warning C4828: 文件包含在偏移 0x2be 处开始的字符，该字符在当前源字符集中无效(代码页 65001)。 (编译源文件 Debug\moc_finddialog.cpp)
D:\code\QtLearning\04BuidDialog\finddialog.h(1,1): warning C4828: 文件包含在偏移 0x2c0 处开始的字符，该字符在当前源字符集中无效(代码页 65001)。 (编译源文件 Debug\moc_finddialog.cpp)
D:\code\QtLearning\04BuidDialog\finddialog.h(1,1): warning C4828: 文件包含在偏移 0x2c4 处开始的字符，该字符在当前源字符集中无效(代码页 65001)。 (编译源文件 Debug\moc_finddialog.cpp)
D:\code\QtLearning\04BuidDialog\finddialog.h(1,1): warning C4828: 文件包含在偏移 0x2c6 处开始的字符，该字符在当前源字符集中无效(代码页 65001)。 (编译源文件 Debug\moc_finddialog.cpp)
D:\code\QtLearning\04BuidDialog\finddialog.h(1,1): warning C4828: 文件包含在偏移 0x2c8 处开始的字符，该字符在当前源字符集中无效(代码页 65001)。 (编译源文件 Debug\moc_finddialog.cpp)
D:\code\QtLearning\04BuidDialog\finddialog.h(1,1): warning C4828: 文件包含在偏移 0x2ca 处开始的字符，该字符在当前源字符集中无效(代码页 65001)。 (编译源文件 Debug\moc_finddialog.cpp)
D:\code\QtLearning\04BuidDialog\finddialog.h(1,1): warning C4828: 文件包含在偏移 0x2cb 处开始的字符，该字符在当前源字符集中无效(代码页 65001)。 (编译源文件 Debug\moc_finddialog.cpp)
D:\code\QtLearning\04BuidDialog\finddialog.h(1,1): warning C4828: 文件包含在偏移 0x2cd 处开始的字符，该字符在当前源字符集中无效(代码页 65001)。 (编译源文件 Debug\moc_finddialog.cpp)
D:\code\QtLearning\04BuidDialog\finddialog.h(1,1): warning C4828: 文件包含在偏移 0x2ce 处开始的字符，该字符在当前源字符集中无效(代码页 65001)。 (编译源文件 Debug\moc_finddialog.cpp)
D:\code\QtLearning\04BuidDialog\finddialog.h(1,1): warning C4828: 文件包含在偏移 0x2d0 处开始的字符，该字符在当前源字符集中无效(代码页 65001)。 (编译源文件 Debug\moc_finddialog.cpp)
D:\code\QtLearning\04BuidDialog\finddialog.h(1,1): warning C4828: 文件包含在偏移 0x2d1 处开始的字符，该字符在当前源字符集中无效(代码页 65001)。 (编译源文件 Debug\moc_finddialog.cpp)
D:\code\QtLearning\04BuidDialog\finddialog.h(1,1): warning C4828: 文件包含在偏移 0x2d4 处开始的字符，该字符在当前源字符集中无效(代码页 65001)。 (编译源文件 Debug\moc_finddialog.cpp)
D:\code\QtLearning\04BuidDialog\finddialog.h(1,1): warning C4828: 文件包含在偏移 0x2d6 处开始的字符，该字符在当前源字符集中无效(代码页 65001)。 (编译源文件 Debug\moc_finddialog.cpp)
D:\code\QtLearning\04BuidDialog\finddialog.h(1,1): warning C4828: 文件包含在偏移 0x2d7 处开始的字符，该字符在当前源字符集中无效(代码页 65001)。 (编译源文件 Debug\moc_finddialog.cpp)
D:\code\QtLearning\04BuidDialog\finddialog.h(1,1): warning C4828: 文件包含在偏移 0x2de 处开始的字符，该字符在当前源字符集中无效(代码页 65001)。 (编译源文件 Debug\moc_finddialog.cpp)
D:\code\QtLearning\04BuidDialog\finddialog.h(1,1): warning C4828: 文件包含在偏移 0x2e0 处开始的字符，该字符在当前源字符集中无效(代码页 65001)。 (编译源文件 Debug\moc_finddialog.cpp)
D:\code\QtLearning\04BuidDialog\finddialog.h(1,1): warning C4828: 文件包含在偏移 0x2e2 处开始的字符，该字符在当前源字符集中无效(代码页 65001)。 (编译源文件 Debug\moc_finddialog.cpp)
D:\code\QtLearning\04BuidDialog\finddialog.h(1,1): warning C4828: 文件包含在偏移 0x2e3 处开始的字符，该字符在当前源字符集中无效(代码页 65001)。 (编译源文件 Debug\moc_finddialog.cpp)
D:\code\QtLearning\04BuidDialog\finddialog.h(1,1): warning C4828: 文件包含在偏移 0x2e9 处开始的字符，该字符在当前源字符集中无效(代码页 65001)。 (编译源文件 Debug\moc_finddialog.cpp)
D:\code\QtLearning\04BuidDialog\finddialog.h(1,1): warning C4828: 文件包含在偏移 0x2ea 处开始的字符，该字符在当前源字符集中无效(代码页 65001)。 (编译源文件 Debug\moc_finddialog.cpp)
D:\code\QtLearning\04BuidDialog\finddialog.h(1,1): warning C4828: 文件包含在偏移 0x2ee 处开始的字符，该字符在当前源字符集中无效(代码页 65001)。 (编译源文件 Debug\moc_finddialog.cpp)
D:\code\QtLearning\04BuidDialog\finddialog.h(1,1): warning C4828: 文件包含在偏移 0x2f0 处开始的字符，该字符在当前源字符集中无效(代码页 65001)。 (编译源文件 Debug\moc_finddialog.cpp)
D:\code\QtLearning\04BuidDialog\finddialog.h(1,1): warning C4828: 文件包含在偏移 0x2f2 处开始的字符，该字符在当前源字符集中无效(代码页 65001)。 (编译源文件 Debug\moc_finddialog.cpp)
D:\code\QtLearning\04BuidDialog\finddialog.h(1,1): warning C4828: 文件包含在偏移 0x2f6 处开始的字符，该字符在当前源字符集中无效(代码页 65001)。 (编译源文件 Debug\moc_finddialog.cpp)
D:\code\QtLearning\04BuidDialog\finddialog.h(1,1): warning C4828: 文件包含在偏移 0x2f8 处开始的字符，该字符在当前源字符集中无效(代码页 65001)。 (编译源文件 Debug\moc_finddialog.cpp)
D:\code\QtLearning\04BuidDialog\finddialog.h(1,1): warning C4828: 文件包含在偏移 0x2f9 处开始的字符，该字符在当前源字符集中无效(代码页 65001)。 (编译源文件 Debug\moc_finddialog.cpp)
D:\code\QtLearning\04BuidDialog\finddialog.h(1,1): warning C4828: 文件包含在偏移 0x2fa 处开始的字符，该字符在当前源字符集中无效(代码页 65001)。 (编译源文件 Debug\moc_finddialog.cpp)
D:\code\QtLearning\04BuidDialog\finddialog.h(1,1): warning C4828: 文件包含在偏移 0x2fb 处开始的字符，该字符在当前源字符集中无效(代码页 65001)。 (编译源文件 Debug\moc_finddialog.cpp)
D:\code\QtLearning\04BuidDialog\finddialog.h(1,1): warning C4828: 文件包含在偏移 0x2fc 处开始的字符，该字符在当前源字符集中无效(代码页 65001)。 (编译源文件 Debug\moc_finddialog.cpp)
D:\code\QtLearning\04BuidDialog\finddialog.h(1,1): warning C4828: 文件包含在偏移 0x300 处开始的字符，该字符在当前源字符集中无效(代码页 65001)。 (编译源文件 Debug\moc_finddialog.cpp)
D:\code\QtLearning\04BuidDialog\finddialog.h(1,1): warning C4828: 文件包含在偏移 0x302 处开始的字符，该字符在当前源字符集中无效(代码页 65001)。 (编译源文件 Debug\moc_finddialog.cpp)
D:\code\QtLearning\04BuidDialog\finddialog.h(1,1): warning C4828: 文件包含在偏移 0x303 处开始的字符，该字符在当前源字符集中无效(代码页 65001)。 (编译源文件 Debug\moc_finddialog.cpp)
D:\code\QtLearning\04BuidDialog\finddialog.h(1,1): warning C4828: 文件包含在偏移 0x305 处开始的字符，该字符在当前源字符集中无效(代码页 65001)。 (编译源文件 Debug\moc_finddialog.cpp)
D:\code\QtLearning\04BuidDialog\finddialog.h(1,1): warning C4828: 文件包含在偏移 0x306 处开始的字符，该字符在当前源字符集中无效(代码页 65001)。 (编译源文件 Debug\moc_finddialog.cpp)
D:\code\QtLearning\04BuidDialog\finddialog.h(1,1): warning C4828: 文件包含在偏移 0x30a 处开始的字符，该字符在当前源字符集中无效(代码页 65001)。 (编译源文件 Debug\moc_finddialog.cpp)
D:\code\QtLearning\04BuidDialog\finddialog.h(1,1): warning C4828: 文件包含在偏移 0x30c 处开始的字符，该字符在当前源字符集中无效(代码页 65001)。 (编译源文件 Debug\moc_finddialog.cpp)
D:\code\QtLearning\04BuidDialog\finddialog.h(1,1): warning C4828: 文件包含在偏移 0x30d 处开始的字符，该字符在当前源字符集中无效(代码页 65001)。 (编译源文件 Debug\moc_finddialog.cpp)
D:\code\QtLearning\04BuidDialog\finddialog.h(1,1): warning C4828: 文件包含在偏移 0x30e 处开始的字符，该字符在当前源字符集中无效(代码页 65001)。 (编译源文件 Debug\moc_finddialog.cpp)
D:\code\QtLearning\04BuidDialog\finddialog.h(1,1): warning C4828: 文件包含在偏移 0x310 处开始的字符，该字符在当前源字符集中无效(代码页 65001)。 (编译源文件 Debug\moc_finddialog.cpp)
D:\code\QtLearning\04BuidDialog\finddialog.h(1,1): warning C4828: 文件包含在偏移 0x311 处开始的字符，该字符在当前源字符集中无效(代码页 65001)。 (编译源文件 Debug\moc_finddialog.cpp)
D:\code\QtLearning\04BuidDialog\finddialog.h(1,1): warning C4828: 文件包含在偏移 0x313 处开始的字符，该字符在当前源字符集中无效(代码页 65001)。 (编译源文件 Debug\moc_finddialog.cpp)
D:\code\QtLearning\04BuidDialog\finddialog.h(1,1): warning C4828: 文件包含在偏移 0x314 处开始的字符，该字符在当前源字符集中无效(代码页 65001)。 (编译源文件 Debug\moc_finddialog.cpp)
D:\code\QtLearning\04BuidDialog\finddialog.h(1,1): warning C4828: 文件包含在偏移 0x315 处开始的字符，该字符在当前源字符集中无效(代码页 65001)。 (编译源文件 Debug\moc_finddialog.cpp)
D:\code\QtLearning\04BuidDialog\finddialog.h(1,1): warning C4828: 文件包含在偏移 0x317 处开始的字符，该字符在当前源字符集中无效(代码页 65001)。 (编译源文件 Debug\moc_finddialog.cpp)
D:\code\QtLearning\04BuidDialog\finddialog.h(1,1): warning C4828: 文件包含在偏移 0x319 处开始的字符，该字符在当前源字符集中无效(代码页 65001)。 (编译源文件 Debug\moc_finddialog.cpp)
D:\code\QtLearning\04BuidDialog\finddialog.h(1,1): warning C4828: 文件包含在偏移 0x31a 处开始的字符，该字符在当前源字符集中无效(代码页 65001)。 (编译源文件 Debug\moc_finddialog.cpp)
D:\code\QtLearning\04BuidDialog\finddialog.h(1,1): warning C4828: 文件包含在偏移 0x31c 处开始的字符，该字符在当前源字符集中无效(代码页 65001)。 (编译源文件 Debug\moc_finddialog.cpp)
D:\code\QtLearning\04BuidDialog\finddialog.h(1,1): warning C4828: 文件包含在偏移 0x31d 处开始的字符，该字符在当前源字符集中无效(代码页 65001)。 (编译源文件 Debug\moc_finddialog.cpp)
D:\code\QtLearning\04BuidDialog\finddialog.h(1,1): warning C4828: 文件包含在偏移 0x31e 处开始的字符，该字符在当前源字符集中无效(代码页 65001)。 (编译源文件 Debug\moc_finddialog.cpp)
D:\code\QtLearning\04BuidDialog\finddialog.h(1,1): warning C4828: 文件包含在偏移 0x320 处开始的字符，该字符在当前源字符集中无效(代码页 65001)。 (编译源文件 Debug\moc_finddialog.cpp)
D:\code\QtLearning\04BuidDialog\finddialog.h(1,1): warning C4828: 文件包含在偏移 0x321 处开始的字符，该字符在当前源字符集中无效(代码页 65001)。 (编译源文件 Debug\moc_finddialog.cpp)
D:\code\QtLearning\04BuidDialog\finddialog.h(1,1): warning C4828: 文件包含在偏移 0x322 处开始的字符，该字符在当前源字符集中无效(代码页 65001)。 (编译源文件 Debug\moc_finddialog.cpp)
D:\code\QtLearning\04BuidDialog\finddialog.h(1,1): warning C4828: 文件包含在偏移 0x323 处开始的字符，该字符在当前源字符集中无效(代码页 65001)。 (编译源文件 Debug\moc_finddialog.cpp)
D:\code\QtLearning\04BuidDialog\finddialog.h(1,1): warning C4828: 文件包含在偏移 0x326 处开始的字符，该字符在当前源字符集中无效(代码页 65001)。 (编译源文件 Debug\moc_finddialog.cpp)
D:\code\QtLearning\04BuidDialog\finddialog.h(1,1): warning C4828: 文件包含在偏移 0x327 处开始的字符，该字符在当前源字符集中无效(代码页 65001)。 (编译源文件 Debug\moc_finddialog.cpp)
D:\code\QtLearning\04BuidDialog\finddialog.h(1,1): warning C4828: 文件包含在偏移 0x329 处开始的字符，该字符在当前源字符集中无效(代码页 65001)。 (编译源文件 Debug\moc_finddialog.cpp)
D:\code\QtLearning\04BuidDialog\finddialog.h(1,1): warning C4828: 文件包含在偏移 0x32d 处开始的字符，该字符在当前源字符集中无效(代码页 65001)。 (编译源文件 Debug\moc_finddialog.cpp)
D:\code\QtLearning\04BuidDialog\finddialog.h(1,1): warning C4828: 文件包含在偏移 0x32f 处开始的字符，该字符在当前源字符集中无效(代码页 65001)。 (编译源文件 Debug\moc_finddialog.cpp)
D:\code\QtLearning\04BuidDialog\finddialog.h(1,1): warning C4828: 文件包含在偏移 0x334 处开始的字符，该字符在当前源字符集中无效(代码页 65001)。 (编译源文件 Debug\moc_finddialog.cpp)
D:\code\QtLearning\04BuidDialog\finddialog.h(1,1): warning C4828: 文件包含在偏移 0x335 处开始的字符，该字符在当前源字符集中无效(代码页 65001)。 (编译源文件 Debug\moc_finddialog.cpp)
D:\code\QtLearning\04BuidDialog\finddialog.h(1,1): warning C4828: 文件包含在偏移 0x338 处开始的字符，该字符在当前源字符集中无效(代码页 65001)。 (编译源文件 Debug\moc_finddialog.cpp)
D:\code\QtLearning\04BuidDialog\finddialog.h(1,1): warning C4828: 文件包含在偏移 0x33a 处开始的字符，该字符在当前源字符集中无效(代码页 65001)。 (编译源文件 Debug\moc_finddialog.cpp)
D:\code\QtLearning\04BuidDialog\finddialog.h(1,1): warning C4828: 文件包含在偏移 0x33c 处开始的字符，该字符在当前源字符集中无效(代码页 65001)。 (编译源文件 Debug\moc_finddialog.cpp)
D:\code\QtLearning\04BuidDialog\finddialog.h(1,1): warning C4828: 文件包含在偏移 0x33d 处开始的字符，该字符在当前源字符集中无效(代码页 65001)。 (编译源文件 Debug\moc_finddialog.cpp)
D:\code\QtLearning\04BuidDialog\finddialog.h(1,1): warning C4828: 文件包含在偏移 0x33e 处开始的字符，该字符在当前源字符集中无效(代码页 65001)。 (编译源文件 Debug\moc_finddialog.cpp)
D:\code\QtLearning\04BuidDialog\finddialog.h(1,1): warning C4828: 文件包含在偏移 0x340 处开始的字符，该字符在当前源字符集中无效(代码页 65001)。 (编译源文件 Debug\moc_finddialog.cpp)
D:\code\QtLearning\04BuidDialog\finddialog.h(1,1): warning C4828: 文件包含在偏移 0x341 处开始的字符，该字符在当前源字符集中无效(代码页 65001)。 (编译源文件 Debug\moc_finddialog.cpp)
D:\code\QtLearning\04BuidDialog\finddialog.h(1,1): warning C4828: 文件包含在偏移 0x348 处开始的字符，该字符在当前源字符集中无效(代码页 65001)。 (编译源文件 Debug\moc_finddialog.cpp)
D:\code\QtLearning\04BuidDialog\finddialog.h(1,1): warning C4828: 文件包含在偏移 0x34a 处开始的字符，该字符在当前源字符集中无效(代码页 65001)。 (编译源文件 Debug\moc_finddialog.cpp)
D:\code\QtLearning\04BuidDialog\finddialog.h(1,1): warning C4828: 文件包含在偏移 0x34c 处开始的字符，该字符在当前源字符集中无效(代码页 65001)。 (编译源文件 Debug\moc_finddialog.cpp)
D:\code\QtLearning\04BuidDialog\finddialog.h(1,1): warning C4828: 文件包含在偏移 0x34d 处开始的字符，该字符在当前源字符集中无效(代码页 65001)。 (编译源文件 Debug\moc_finddialog.cpp)
D:\code\QtLearning\04BuidDialog\finddialog.h(1,1): warning C4828: 文件包含在偏移 0x34f 处开始的字符，该字符在当前源字符集中无效(代码页 65001)。 (编译源文件 Debug\moc_finddialog.cpp)
D:\code\QtLearning\04BuidDialog\finddialog.h(1,1): warning C4828: 文件包含在偏移 0x351 处开始的字符，该字符在当前源字符集中无效(代码页 65001)。 (编译源文件 Debug\moc_finddialog.cpp)
D:\code\QtLearning\04BuidDialog\finddialog.h(1,1): warning C4828: 文件包含在偏移 0x352 处开始的字符，该字符在当前源字符集中无效(代码页 65001)。 (编译源文件 Debug\moc_finddialog.cpp)
D:\code\QtLearning\04BuidDialog\finddialog.h(1,1): warning C4828: 文件包含在偏移 0x355 处开始的字符，该字符在当前源字符集中无效(代码页 65001)。 (编译源文件 Debug\moc_finddialog.cpp)
D:\code\QtLearning\04BuidDialog\finddialog.h(1,1): warning C4828: 文件包含在偏移 0x358 处开始的字符，该字符在当前源字符集中无效(代码页 65001)。 (编译源文件 Debug\moc_finddialog.cpp)
D:\code\QtLearning\04BuidDialog\finddialog.h(1,1): warning C4828: 文件包含在偏移 0x359 处开始的字符，该字符在当前源字符集中无效(代码页 65001)。 (编译源文件 Debug\moc_finddialog.cpp)
D:\code\QtLearning\04BuidDialog\finddialog.h(1,1): warning C4828: 文件包含在偏移 0x35a 处开始的字符，该字符在当前源字符集中无效(代码页 65001)。 (编译源文件 Debug\moc_finddialog.cpp)
D:\code\QtLearning\04BuidDialog\finddialog.h(1,1): warning C4828: 文件包含在偏移 0x35b 处开始的字符，该字符在当前源字符集中无效(代码页 65001)。 (编译源文件 Debug\moc_finddialog.cpp)
D:\code\QtLearning\04BuidDialog\finddialog.h(1,1): warning C4828: 文件包含在偏移 0x35e 处开始的字符，该字符在当前源字符集中无效(代码页 65001)。 (编译源文件 Debug\moc_finddialog.cpp)
D:\code\QtLearning\04BuidDialog\finddialog.h(1,1): warning C4828: 文件包含在偏移 0x35f 处开始的字符，该字符在当前源字符集中无效(代码页 65001)。 (编译源文件 Debug\moc_finddialog.cpp)
  04BuidDialog.vcxproj -> D:\code\QtLearning\04BuidDialog\debug\04BuidDialog.exe
